# JRE version: Java(TM) SE Runtime Environment (8.0_05-b13) (build 1.8.0_05-b13)
# Java VM: Java HotSpot(TM) 64-Bit Server VM (25.5-b02 mixed mode windows-amd64 compressed oops)
Heap:
 def new generation   total 1152K, used 883K [0x00000000a2400000, 0x00000000a2540000, 0x00000000c1800000)
  eden space 1024K,  80% used [0x00000000a2400000, 0x00000000a24ce3b8, 0x00000000a2500000)
  from space 128K,  45% used [0x00000000a2500000, 0x00000000a250ea68, 0x00000000a2520000)
  to   space 128K,   0% used [0x00000000a2520000, 0x00000000a2520000, 0x00000000a2540000)
 tenured generation   total 129792K, used 62964K [0x00000000c1800000, 0x00000000c96c0000, 0x0000000100000000)
   the space 129792K,  48% used [0x00000000c1800000, 0x00000000c557d0b8, 0x00000000c557d200, 0x00000000c96c0000)
 Metaspace       used 19498K, capacity 20038K, committed 20352K, reserved 1067008K
  class space    used 2240K, capacity 2367K, committed 2432K, reserved 1048576K
GC Heap History (10 events):
Event: 14.203 GC heap before
{Heap before GC invocations=963 (full 0):
 def new generation   total 1152K, used 1100K [0x00000000a2400000, 0x00000000a2540000, 0x00000000c1800000)
  eden space 1024K, 100% used [0x00000000a2400000, 0x00000000a2500000, 0x00000000a2500000)
  from space 128K,  59% used [0x00000000a2520000, 0x00000000a25330d8, 0x00000000a2540000)
  to   space 128K,   0% used [0x00000000a2500000, 0x00000000a2500000, 0x00000000a2520000)
 tenured generation   total 129792K, used 62613K [0x00000000c1800000, 0x00000000c96c0000, 0x0000000100000000)
   the space 129792K,  48% used [0x00000000c1800000, 0x00000000c55256c0, 0x00000000c5525800, 0x00000000c96c0000)
 Metaspace       used 19169K, capacity 19708K, committed 19840K, reserved 1067008K
  class space    used 2206K, capacity 2328K, committed 2432K, reserved 1048576K
Event: 14.204 GC heap after
Heap after GC invocations=964 (full 0):
 def new generation   total 1152K, used 66K [0x00000000a2400000, 0x00000000a2540000, 0x00000000c1800000)
  eden space 1024K,   0% used [0x00000000a2400000, 0x00000000a2400000, 0x00000000a2500000)
  from space 128K,  52% used [0x00000000a2500000, 0x00000000a2510bc8, 0x00000000a2520000)
  to   space 128K,   0% used [0x00000000a2520000, 0x00000000a2520000, 0x00000000a2540000)
 tenured generation   total 129792K, used 62662K [0x00000000c1800000, 0x00000000c96c0000, 0x0000000100000000)
   the space 129792K,  48% used [0x00000000c1800000, 0x00000000c5531bc0, 0x00000000c5531c00, 0x00000000c96c0000)
 Metaspace       used 19169K, capacity 19708K, committed 19840K, reserved 1067008K
  class space    used 2206K, capacity 2328K, committed 2432K, reserved 1048576K
}
Event: 14.214 GC heap before
{Heap before GC invocations=964 (full 0):
 def new generation   total 1152K, used 1090K [0x00000000a2400000, 0x00000000a2540000, 0x00000000c1800000)
  eden space 1024K, 100% used [0x00000000a2400000, 0x00000000a2500000, 0x00000000a2500000)
  from space 128K,  52% used [0x00000000a2500000, 0x00000000a2510bc8, 0x00000000a2520000)
  to   space 128K,   0% used [0x00000000a2520000, 0x00000000a2520000, 0x00000000a2540000)
 tenured generation   total 129792K, used 62662K [0x00000000c1800000, 0x00000000c96c0000, 0x0000000100000000)
   the space 129792K,  48% used [0x00000000c1800000, 0x00000000c5531bc0, 0x00000000c5531c00, 0x00000000c96c0000)
 Metaspace       used 19199K, capacity 19750K, committed 20096K, reserved 1067008K
  class space    used 2210K, capacity 2335K, committed 2432K, reserved 1048576K
Event: 14.216 GC heap after
Heap after GC invocations=965 (full 0):
 def new generation   total 1152K, used 69K [0x00000000a2400000, 0x00000000a2540000, 0x00000000c1800000)
  eden space 1024K,   0% used [0x00000000a2400000, 0x00000000a2400000, 0x00000000a2500000)
  from space 128K,  54% used [0x00000000a2520000, 0x00000000a2531798, 0x00000000a2540000)
  to   space 128K,   0% used [0x00000000a2500000, 0x00000000a2500000, 0x00000000a2520000)
 tenured generation   total 129792K, used 62678K [0x00000000c1800000, 0x00000000c96c0000, 0x0000000100000000)
   the space 129792K,  48% used [0x00000000c1800000, 0x00000000c5535b98, 0x00000000c5535c00, 0x00000000c96c0000)
 Metaspace       used 19199K, capacity 19750K, committed 20096K, reserved 1067008K
  class space    used 2210K, capacity 2335K, committed 2432K, reserved 1048576K
}
Event: 14.224 GC heap before
{Heap before GC invocations=965 (full 0):
 def new generation   total 1152K, used 1063K [0x00000000a2400000, 0x00000000a2540000, 0x00000000c1800000)
  eden space 1024K,  97% used [0x00000000a2400000, 0x00000000a24f87f0, 0x00000000a2500000)
  from space 128K,  54% used [0x00000000a2520000, 0x00000000a2531798, 0x00000000a2540000)
  to   space 128K,   0% used [0x00000000a2500000, 0x00000000a2500000, 0x00000000a2520000)
 tenured generation   total 129792K, used 62678K [0x00000000c1800000, 0x00000000c96c0000, 0x0000000100000000)
   the space 129792K,  48% used [0x00000000c1800000, 0x00000000c5535b98, 0x00000000c5535c00, 0x00000000c96c0000)
 Metaspace       used 19225K, capacity 19814K, committed 20096K, reserved 1067008K
  class space    used 2213K, capacity 2335K, committed 2432K, reserved 1048576K
Event: 14.226 GC heap after
Heap after GC invocations=966 (full 0):
 def new generation   total 1152K, used 126K [0x00000000a2400000, 0x00000000a2540000, 0x00000000c1800000)
  eden space 1024K,   0% used [0x00000000a2400000, 0x00000000a2400000, 0x00000000a2500000)
  from space 128K,  98% used [0x00000000a2500000, 0x00000000a251f818, 0x00000000a2520000)
  to   space 128K,   0% used [0x00000000a2520000, 0x00000000a2520000, 0x00000000a2540000)
 tenured generation   total 129792K, used 62726K [0x00000000c1800000, 0x00000000c96c0000, 0x0000000100000000)
   the space 129792K,  48% used [0x00000000c1800000, 0x00000000c5541a48, 0x00000000c5541c00, 0x00000000c96c0000)
 Metaspace       used 19225K, capacity 19814K, committed 20096K, reserved 1067008K
  class space    used 2213K, capacity 2335K, committed 2432K, reserved 1048576K
}
Event: 14.235 GC heap before
{Heap before GC invocations=966 (full 0):
 def new generation   total 1152K, used 1150K [0x00000000a2400000, 0x00000000a2540000, 0x00000000c1800000)
  eden space 1024K, 100% used [0x00000000a2400000, 0x00000000a2500000, 0x00000000a2500000)
  from space 128K,  98% used [0x00000000a2500000, 0x00000000a251f818, 0x00000000a2520000)
  to   space 128K,   0% used [0x00000000a2520000, 0x00000000a2520000, 0x00000000a2540000)
 tenured generation   total 129792K, used 62726K [0x00000000c1800000, 0x00000000c96c0000, 0x0000000100000000)
   the space 129792K,  48% used [0x00000000c1800000, 0x00000000c5541a48, 0x00000000c5541c00, 0x00000000c96c0000)
 Metaspace       used 19402K, capacity 19974K, committed 20096K, reserved 1067008K
  class space    used 2227K, capacity 2367K, committed 2432K, reserved 1048576K
Event: 14.237 GC heap after
Heap after GC invocations=967 (full 0):
 def new generation   total 1152K, used 127K [0x00000000a2400000, 0x00000000a2540000, 0x00000000c1800000)
  eden space 1024K,   0% used [0x00000000a2400000, 0x00000000a2400000, 0x00000000a2500000)
  from space 128K,  99% used [0x00000000a2520000, 0x00000000a253ff38, 0x00000000a2540000)
  to   space 128K,   0% used [0x00000000a2500000, 0x00000000a2500000, 0x00000000a2520000)
 tenured generation   total 129792K, used 62911K [0x00000000c1800000, 0x00000000c96c0000, 0x0000000100000000)
   the space 129792K,  48% used [0x00000000c1800000, 0x00000000c556fd70, 0x00000000c556fe00, 0x00000000c96c0000)
 Metaspace       used 19402K, capacity 19974K, committed 20096K, reserved 1067008K
  class space    used 2227K, capacity 2367K, committed 2432K, reserved 1048576K
}
Event: 14.241 GC heap before
{Heap before GC invocations=967 (full 0):
 def new generation   total 1152K, used 1151K [0x00000000a2400000, 0x00000000a2540000, 0x00000000c1800000)
  eden space 1024K, 100% used [0x00000000a2400000, 0x00000000a2500000, 0x00000000a2500000)
  from space 128K,  99% used [0x00000000a2520000, 0x00000000a253ff38, 0x00000000a2540000)
  to   space 128K,   0% used [0x00000000a2500000, 0x00000000a2500000, 0x00000000a2520000)
 tenured generation   total 129792K, used 62911K [0x00000000c1800000, 0x00000000c96c0000, 0x0000000100000000)
   the space 129792K,  48% used [0x00000000c1800000, 0x00000000c556fd70, 0x00000000c556fe00, 0x00000000c96c0000)
 Metaspace       used 19445K, capacity 20038K, committed 20352K, reserved 1067008K
  class space    used 2232K, capacity 2367K, committed 2432K, reserved 1048576K
Event: 14.242 GC heap after
Heap after GC invocations=968 (full 0):
 def new generation   total 1152K, used 58K [0x00000000a2400000, 0x00000000a2540000, 0x00000000c1800000)
  eden space 1024K,   0% used [0x00000000a2400000, 0x00000000a2400000, 0x00000000a2500000)
  from space 128K,  45% used [0x00000000a2500000, 0x00000000a250ea68, 0x00000000a2520000)
  to   space 128K,   0% used [0x00000000a2520000, 0x00000000a2520000, 0x00000000a2540000)
 tenured generation   total 129792K, used 62964K [0x00000000c1800000, 0x00000000c96c0000, 0x0000000100000000)
   the space 129792K,  48% used [0x00000000c1800000, 0x00000000c557d0b8, 0x00000000c557d200, 0x00000000c96c0000)
 Metaspace       used 19445K, capacity 20038K, committed 20352K, reserved 1067008K
  class space    used 2232K, capacity 2367K, committed 2432K, reserved 1048576K
}

