# JRE version: Java(TM) SE Runtime Environment (8.0_05-b13) (build 1.8.0_05-b13)
# Java VM: Java HotSpot(TM) 64-Bit Server VM (25.5-b02 mixed mode windows-amd64 compressed oops)
Heap:
 def new generation   total 1152K, used 600K [0x00000000a2400000, 0x00000000a2540000, 0x00000000c1800000)
  eden space 1024K,  55% used [0x00000000a2400000, 0x00000000a248d678, 0x00000000a2500000)
  from space 128K,  27% used [0x00000000a2520000, 0x00000000a2528b30, 0x00000000a2540000)
  to   space 128K,   0% used [0x00000000a2500000, 0x00000000a2500000, 0x00000000a2520000)
 tenured generation   total 129792K, used 63809K [0x00000000c1800000, 0x00000000c96c0000, 0x0000000100000000)
   the space 129792K,  49% used [0x00000000c1800000, 0x00000000c56506d8, 0x00000000c5650800, 0x00000000c96c0000)
 Metaspace       used 19479K, capacity 20044K, committed 20352K, reserved 1067008K
  class space    used 2241K, capacity 2368K, committed 2432K, reserved 1048576K
GC Heap History (10 events):
Event: 13.333 GC heap before
{Heap before GC invocations=964 (full 0):
 def new generation   total 1152K, used 1116K [0x00000000a2400000, 0x00000000a2540000, 0x00000000c1800000)
  eden space 1024K, 100% used [0x00000000a2400000, 0x00000000a2500000, 0x00000000a2500000)
  from space 128K,  72% used [0x00000000a2500000, 0x00000000a25170f8, 0x00000000a2520000)
  to   space 128K,   0% used [0x00000000a2520000, 0x00000000a2520000, 0x00000000a2540000)
 tenured generation   total 129792K, used 63395K [0x00000000c1800000, 0x00000000c96c0000, 0x0000000100000000)
   the space 129792K,  48% used [0x00000000c1800000, 0x00000000c55e8fb0, 0x00000000c55e9000, 0x00000000c96c0000)
 Metaspace       used 19187K, capacity 19756K, committed 20096K, reserved 1067008K
  class space    used 2211K, capacity 2336K, committed 2432K, reserved 1048576K
Event: 13.334 GC heap after
Heap after GC invocations=965 (full 0):
 def new generation   total 1152K, used 68K [0x00000000a2400000, 0x00000000a2540000, 0x00000000c1800000)
  eden space 1024K,   0% used [0x00000000a2400000, 0x00000000a2400000, 0x00000000a2500000)
  from space 128K,  53% used [0x00000000a2520000, 0x00000000a25310f0, 0x00000000a2540000)
  to   space 128K,   0% used [0x00000000a2500000, 0x00000000a2500000, 0x00000000a2520000)
 tenured generation   total 129792K, used 63446K [0x00000000c1800000, 0x00000000c96c0000, 0x0000000100000000)
   the space 129792K,  48% used [0x00000000c1800000, 0x00000000c55f5948, 0x00000000c55f5a00, 0x00000000c96c0000)
 Metaspace       used 19187K, capacity 19756K, committed 20096K, reserved 1067008K
  class space    used 2211K, capacity 2336K, committed 2432K, reserved 1048576K
}
Event: 13.338 GC heap before
{Heap before GC invocations=965 (full 0):
 def new generation   total 1152K, used 1092K [0x00000000a2400000, 0x00000000a2540000, 0x00000000c1800000)
  eden space 1024K, 100% used [0x00000000a2400000, 0x00000000a2500000, 0x00000000a2500000)
  from space 128K,  53% used [0x00000000a2520000, 0x00000000a25310f0, 0x00000000a2540000)
  to   space 128K,   0% used [0x00000000a2500000, 0x00000000a2500000, 0x00000000a2520000)
 tenured generation   total 129792K, used 63446K [0x00000000c1800000, 0x00000000c96c0000, 0x0000000100000000)
   the space 129792K,  48% used [0x00000000c1800000, 0x00000000c55f5948, 0x00000000c55f5a00, 0x00000000c96c0000)
 Metaspace       used 19188K, capacity 19756K, committed 20096K, reserved 1067008K
  class space    used 2211K, capacity 2336K, committed 2432K, reserved 1048576K
Event: 13.339 GC heap after
Heap after GC invocations=966 (full 0):
 def new generation   total 1152K, used 58K [0x00000000a2400000, 0x00000000a2540000, 0x00000000c1800000)
  eden space 1024K,   0% used [0x00000000a2400000, 0x00000000a2400000, 0x00000000a2500000)
  from space 128K,  45% used [0x00000000a2500000, 0x00000000a250e8b8, 0x00000000a2520000)
  to   space 128K,   0% used [0x00000000a2520000, 0x00000000a2520000, 0x00000000a2540000)
 tenured generation   total 129792K, used 63475K [0x00000000c1800000, 0x00000000c96c0000, 0x0000000100000000)
   the space 129792K,  48% used [0x00000000c1800000, 0x00000000c55fce20, 0x00000000c55fd000, 0x00000000c96c0000)
 Metaspace       used 19188K, capacity 19756K, committed 20096K, reserved 1067008K
  class space    used 2211K, capacity 2336K, committed 2432K, reserved 1048576K
}
Event: 13.348 GC heap before
{Heap before GC invocations=966 (full 0):
 def new generation   total 1152K, used 1062K [0x00000000a2400000, 0x00000000a2540000, 0x00000000c1800000)
  eden space 1024K,  98% used [0x00000000a2400000, 0x00000000a24fb030, 0x00000000a2500000)
  from space 128K,  45% used [0x00000000a2500000, 0x00000000a250e8b8, 0x00000000a2520000)
  to   space 128K,   0% used [0x00000000a2520000, 0x00000000a2520000, 0x00000000a2540000)
 tenured generation   total 129792K, used 63475K [0x00000000c1800000, 0x00000000c96c0000, 0x0000000100000000)
   the space 129792K,  48% used [0x00000000c1800000, 0x00000000c55fce20, 0x00000000c55fd000, 0x00000000c96c0000)
 Metaspace       used 19249K, capacity 19820K, committed 20096K, reserved 1067008K
  class space    used 2215K, capacity 2336K, committed 2432K, reserved 1048576K
Event: 13.349 GC heap after
Heap after GC invocations=967 (full 0):
 def new generation   total 1152K, used 117K [0x00000000a2400000, 0x00000000a2540000, 0x00000000c1800000)
  eden space 1024K,   0% used [0x00000000a2400000, 0x00000000a2400000, 0x00000000a2500000)
  from space 128K,  91% used [0x00000000a2520000, 0x00000000a253d5a8, 0x00000000a2540000)
  to   space 128K,   0% used [0x00000000a2500000, 0x00000000a2500000, 0x00000000a2520000)
 tenured generation   total 129792K, used 63540K [0x00000000c1800000, 0x00000000c96c0000, 0x0000000100000000)
   the space 129792K,  48% used [0x00000000c1800000, 0x00000000c560d048, 0x00000000c560d200, 0x00000000c96c0000)
 Metaspace       used 19249K, capacity 19820K, committed 20096K, reserved 1067008K
  class space    used 2215K, capacity 2336K, committed 2432K, reserved 1048576K
}
Event: 13.360 GC heap before
{Heap before GC invocations=967 (full 0):
 def new generation   total 1152K, used 1141K [0x00000000a2400000, 0x00000000a2540000, 0x00000000c1800000)
  eden space 1024K, 100% used [0x00000000a2400000, 0x00000000a2500000, 0x00000000a2500000)
  from space 128K,  91% used [0x00000000a2520000, 0x00000000a253d5a8, 0x00000000a2540000)
  to   space 128K,   0% used [0x00000000a2500000, 0x00000000a2500000, 0x00000000a2520000)
 tenured generation   total 129792K, used 63540K [0x00000000c1800000, 0x00000000c96c0000, 0x0000000100000000)
   the space 129792K,  48% used [0x00000000c1800000, 0x00000000c560d048, 0x00000000c560d200, 0x00000000c96c0000)
 Metaspace       used 19424K, capacity 20044K, committed 20352K, reserved 1067008K
  class space    used 2232K, capacity 2368K, committed 2432K, reserved 1048576K
Event: 13.361 GC heap after
Heap after GC invocations=968 (full 0):
 def new generation   total 1152K, used 128K [0x00000000a2400000, 0x00000000a2540000, 0x00000000c1800000)
  eden space 1024K,   0% used [0x00000000a2400000, 0x00000000a2400000, 0x00000000a2500000)
  from space 128K, 100% used [0x00000000a2500000, 0x00000000a2520000, 0x00000000a2520000)
  to   space 128K,   0% used [0x00000000a2520000, 0x00000000a2520000, 0x00000000a2540000)
 tenured generation   total 129792K, used 63719K [0x00000000c1800000, 0x00000000c96c0000, 0x0000000100000000)
   the space 129792K,  49% used [0x00000000c1800000, 0x00000000c5639d58, 0x00000000c5639e00, 0x00000000c96c0000)
 Metaspace       used 19424K, capacity 20044K, committed 20352K, reserved 1067008K
  class space    used 2232K, capacity 2368K, committed 2432K, reserved 1048576K
}
Event: 13.364 GC heap before
{Heap before GC invocations=968 (full 0):
 def new generation   total 1152K, used 1152K [0x00000000a2400000, 0x00000000a2540000, 0x00000000c1800000)
  eden space 1024K, 100% used [0x00000000a2400000, 0x00000000a2500000, 0x00000000a2500000)
  from space 128K, 100% used [0x00000000a2500000, 0x00000000a2520000, 0x00000000a2520000)
  to   space 128K,   0% used [0x00000000a2520000, 0x00000000a2520000, 0x00000000a2540000)
 tenured generation   total 129792K, used 63719K [0x00000000c1800000, 0x00000000c96c0000, 0x0000000100000000)
   the space 129792K,  49% used [0x00000000c1800000, 0x00000000c5639d58, 0x00000000c5639e00, 0x00000000c96c0000)
 Metaspace       used 19453K, capacity 20044K, committed 20352K, reserved 1067008K
  class space    used 2236K, capacity 2368K, committed 2432K, reserved 1048576K
Event: 13.365 GC heap after
Heap after GC invocations=969 (full 0):
 def new generation   total 1152K, used 34K [0x00000000a2400000, 0x00000000a2540000, 0x00000000c1800000)
  eden space 1024K,   0% used [0x00000000a2400000, 0x00000000a2400000, 0x00000000a2500000)
  from space 128K,  27% used [0x00000000a2520000, 0x00000000a2528b30, 0x00000000a2540000)
  to   space 128K,   0% used [0x00000000a2500000, 0x00000000a2500000, 0x00000000a2520000)
 tenured generation   total 129792K, used 63809K [0x00000000c1800000, 0x00000000c96c0000, 0x0000000100000000)
   the space 129792K,  49% used [0x00000000c1800000, 0x00000000c56506d8, 0x00000000c5650800, 0x00000000c96c0000)
 Metaspace       used 19453K, capacity 20044K, committed 20352K, reserved 1067008K
  class space    used 2236K, capacity 2368K, committed 2432K, reserved 1048576K
}

