# JRE version: Java(TM) SE Runtime Environment (8.0_05-b13) (build 1.8.0_05-b13)
# Java VM: Java HotSpot(TM) 64-Bit Server VM (25.5-b02 mixed mode windows-amd64 compressed oops)
Heap:
 def new generation   total 1152K, used 775K [0x00000000a2400000, 0x00000000a2540000, 0x00000000c1800000)
  eden space 1024K,  65% used [0x00000000a2400000, 0x00000000a24a7a38, 0x00000000a2500000)
  from space 128K,  81% used [0x00000000a2500000, 0x00000000a251a2f8, 0x00000000a2520000)
  to   space 128K,   0% used [0x00000000a2520000, 0x00000000a2520000, 0x00000000a2540000)
 tenured generation   total 129792K, used 50999K [0x00000000c1800000, 0x00000000c96c0000, 0x0000000100000000)
   the space 129792K,  39% used [0x00000000c1800000, 0x00000000c49cdc30, 0x00000000c49cde00, 0x00000000c96c0000)
 Metaspace       used 13713K, capacity 14000K, committed 14208K, reserved 1062912K
  class space    used 1550K, capacity 1654K, committed 1664K, reserved 1048576K
GC Heap History (10 events):
Event: 5.562 GC heap before
{Heap before GC invocations=569 (full 0):
 def new generation   total 1152K, used 1143K [0x00000000a2400000, 0x00000000a2540000, 0x00000000c1800000)
  eden space 1024K, 100% used [0x00000000a2400000, 0x00000000a2500000, 0x00000000a2500000)
  from space 128K,  93% used [0x00000000a2520000, 0x00000000a253dd08, 0x00000000a2540000)
  to   space 128K,   0% used [0x00000000a2500000, 0x00000000a2500000, 0x00000000a2520000)
 tenured generation   total 129792K, used 50730K [0x00000000c1800000, 0x00000000c96c0000, 0x0000000100000000)
   the space 129792K,  39% used [0x00000000c1800000, 0x00000000c498aae8, 0x00000000c498ac00, 0x00000000c96c0000)
 Metaspace       used 13456K, capacity 13742K, committed 13952K, reserved 1060864K
  class space    used 1525K, capacity 1588K, committed 1664K, reserved 1048576K
Event: 5.563 GC heap after
Heap after GC invocations=570 (full 0):
 def new generation   total 1152K, used 70K [0x00000000a2400000, 0x00000000a2540000, 0x00000000c1800000)
  eden space 1024K,   0% used [0x00000000a2400000, 0x00000000a2400000, 0x00000000a2500000)
  from space 128K,  55% used [0x00000000a2500000, 0x00000000a2511bc8, 0x00000000a2520000)
  to   space 128K,   0% used [0x00000000a2520000, 0x00000000a2520000, 0x00000000a2540000)
 tenured generation   total 129792K, used 50798K [0x00000000c1800000, 0x00000000c96c0000, 0x0000000100000000)
   the space 129792K,  39% used [0x00000000c1800000, 0x00000000c499bb58, 0x00000000c499bc00, 0x00000000c96c0000)
 Metaspace       used 13456K, capacity 13742K, committed 13952K, reserved 1060864K
  class space    used 1525K, capacity 1588K, committed 1664K, reserved 1048576K
}
Event: 5.569 GC heap before
{Heap before GC invocations=570 (full 0):
 def new generation   total 1152K, used 1094K [0x00000000a2400000, 0x00000000a2540000, 0x00000000c1800000)
  eden space 1024K, 100% used [0x00000000a2400000, 0x00000000a2500000, 0x00000000a2500000)
  from space 128K,  55% used [0x00000000a2500000, 0x00000000a2511bc8, 0x00000000a2520000)
  to   space 128K,   0% used [0x00000000a2520000, 0x00000000a2520000, 0x00000000a2540000)
 tenured generation   total 129792K, used 50798K [0x00000000c1800000, 0x00000000c96c0000, 0x0000000100000000)
   the space 129792K,  39% used [0x00000000c1800000, 0x00000000c499bb58, 0x00000000c499bc00, 0x00000000c96c0000)
 Metaspace       used 13456K, capacity 13742K, committed 13952K, reserved 1060864K
  class space    used 1525K, capacity 1588K, committed 1664K, reserved 1048576K
Event: 5.570 GC heap after
Heap after GC invocations=571 (full 0):
 def new generation   total 1152K, used 128K [0x00000000a2400000, 0x00000000a2540000, 0x00000000c1800000)
  eden space 1024K,   0% used [0x00000000a2400000, 0x00000000a2400000, 0x00000000a2500000)
  from space 128K, 100% used [0x00000000a2520000, 0x00000000a2540000, 0x00000000a2540000)
  to   space 128K,   0% used [0x00000000a2500000, 0x00000000a2500000, 0x00000000a2520000)
 tenured generation   total 129792K, used 50842K [0x00000000c1800000, 0x00000000c96c0000, 0x0000000100000000)
   the space 129792K,  39% used [0x00000000c1800000, 0x00000000c49a6a68, 0x00000000c49a6c00, 0x00000000c96c0000)
 Metaspace       used 13456K, capacity 13742K, committed 13952K, reserved 1060864K
  class space    used 1525K, capacity 1588K, committed 1664K, reserved 1048576K
}
Event: 5.574 GC heap before
{Heap before GC invocations=571 (full 0):
 def new generation   total 1152K, used 1152K [0x00000000a2400000, 0x00000000a2540000, 0x00000000c1800000)
  eden space 1024K, 100% used [0x00000000a2400000, 0x00000000a2500000, 0x00000000a2500000)
  from space 128K, 100% used [0x00000000a2520000, 0x00000000a2540000, 0x00000000a2540000)
  to   space 128K,   0% used [0x00000000a2500000, 0x00000000a2500000, 0x00000000a2520000)
 tenured generation   total 129792K, used 50842K [0x00000000c1800000, 0x00000000c96c0000, 0x0000000100000000)
   the space 129792K,  39% used [0x00000000c1800000, 0x00000000c49a6a68, 0x00000000c49a6c00, 0x00000000c96c0000)
 Metaspace       used 13456K, capacity 13742K, committed 13952K, reserved 1060864K
  class space    used 1525K, capacity 1588K, committed 1664K, reserved 1048576K
Event: 5.575 GC heap after
Heap after GC invocations=572 (full 0):
 def new generation   total 1152K, used 75K [0x00000000a2400000, 0x00000000a2540000, 0x00000000c1800000)
  eden space 1024K,   0% used [0x00000000a2400000, 0x00000000a2400000, 0x00000000a2500000)
  from space 128K,  58% used [0x00000000a2500000, 0x00000000a2512db8, 0x00000000a2520000)
  to   space 128K,   0% used [0x00000000a2520000, 0x00000000a2520000, 0x00000000a2540000)
 tenured generation   total 129792K, used 50924K [0x00000000c1800000, 0x00000000c96c0000, 0x0000000100000000)
   the space 129792K,  39% used [0x00000000c1800000, 0x00000000c49bb2f0, 0x00000000c49bb400, 0x00000000c96c0000)
 Metaspace       used 13456K, capacity 13742K, committed 13952K, reserved 1060864K
  class space    used 1525K, capacity 1588K, committed 1664K, reserved 1048576K
}
Event: 5.579 GC heap before
{Heap before GC invocations=572 (full 0):
 def new generation   total 1152K, used 1099K [0x00000000a2400000, 0x00000000a2540000, 0x00000000c1800000)
  eden space 1024K, 100% used [0x00000000a2400000, 0x00000000a2500000, 0x00000000a2500000)
  from space 128K,  58% used [0x00000000a2500000, 0x00000000a2512db8, 0x00000000a2520000)
  to   space 128K,   0% used [0x00000000a2520000, 0x00000000a2520000, 0x00000000a2540000)
 tenured generation   total 129792K, used 50924K [0x00000000c1800000, 0x00000000c96c0000, 0x0000000100000000)
   the space 129792K,  39% used [0x00000000c1800000, 0x00000000c49bb2f0, 0x00000000c49bb400, 0x00000000c96c0000)
 Metaspace       used 13456K, capacity 13742K, committed 13952K, reserved 1060864K
  class space    used 1525K, capacity 1588K, committed 1664K, reserved 1048576K
Event: 5.580 GC heap after
Heap after GC invocations=573 (full 0):
 def new generation   total 1152K, used 113K [0x00000000a2400000, 0x00000000a2540000, 0x00000000c1800000)
  eden space 1024K,   0% used [0x00000000a2400000, 0x00000000a2400000, 0x00000000a2500000)
  from space 128K,  89% used [0x00000000a2520000, 0x00000000a253c7b8, 0x00000000a2540000)
  to   space 128K,   0% used [0x00000000a2500000, 0x00000000a2500000, 0x00000000a2520000)
 tenured generation   total 129792K, used 50938K [0x00000000c1800000, 0x00000000c96c0000, 0x0000000100000000)
   the space 129792K,  39% used [0x00000000c1800000, 0x00000000c49bead8, 0x00000000c49bec00, 0x00000000c96c0000)
 Metaspace       used 13456K, capacity 13742K, committed 13952K, reserved 1060864K
  class space    used 1525K, capacity 1588K, committed 1664K, reserved 1048576K
}
Event: 5.592 GC heap before
{Heap before GC invocations=573 (full 0):
 def new generation   total 1152K, used 1137K [0x00000000a2400000, 0x00000000a2540000, 0x00000000c1800000)
  eden space 1024K, 100% used [0x00000000a2400000, 0x00000000a2500000, 0x00000000a2500000)
  from space 128K,  89% used [0x00000000a2520000, 0x00000000a253c7b8, 0x00000000a2540000)
  to   space 128K,   0% used [0x00000000a2500000, 0x00000000a2500000, 0x00000000a2520000)
 tenured generation   total 129792K, used 50938K [0x00000000c1800000, 0x00000000c96c0000, 0x0000000100000000)
   the space 129792K,  39% used [0x00000000c1800000, 0x00000000c49bead8, 0x00000000c49bec00, 0x00000000c96c0000)
 Metaspace       used 13634K, capacity 13904K, committed 13952K, reserved 1060864K
  class space    used 1542K, capacity 1622K, committed 1664K, reserved 1048576K
Event: 5.593 GC heap after
Heap after GC invocations=574 (full 0):
 def new generation   total 1152K, used 104K [0x00000000a2400000, 0x00000000a2540000, 0x00000000c1800000)
  eden space 1024K,   0% used [0x00000000a2400000, 0x00000000a2400000, 0x00000000a2500000)
  from space 128K,  81% used [0x00000000a2500000, 0x00000000a251a2f8, 0x00000000a2520000)
  to   space 128K,   0% used [0x00000000a2520000, 0x00000000a2520000, 0x00000000a2540000)
 tenured generation   total 129792K, used 50999K [0x00000000c1800000, 0x00000000c96c0000, 0x0000000100000000)
   the space 129792K,  39% used [0x00000000c1800000, 0x00000000c49cdc30, 0x00000000c49cde00, 0x00000000c96c0000)
 Metaspace       used 13634K, capacity 13904K, committed 13952K, reserved 1060864K
  class space    used 1542K, capacity 1622K, committed 1664K, reserved 1048576K
}

