# JRE version: Java(TM) SE Runtime Environment (8.0_05-b13) (build 1.8.0_05-b13)
# Java VM: Java HotSpot(TM) 64-Bit Server VM (25.5-b02 mixed mode windows-amd64 compressed oops)
Heap:
 def new generation   total 1152K, used 1098K [0x00000000a2400000, 0x00000000a2540000, 0x00000000c1800000)
  eden space 1024K,  94% used [0x00000000a2400000, 0x00000000a24f2990, 0x00000000a2500000)
  from space 128K, 100% used [0x00000000a2500000, 0x00000000a2520000, 0x00000000a2520000)
  to   space 128K,   0% used [0x00000000a2520000, 0x00000000a2520000, 0x00000000a2540000)
 tenured generation   total 129792K, used 15794K [0x00000000c1800000, 0x00000000c96c0000, 0x0000000100000000)
   the space 129792K,  12% used [0x00000000c1800000, 0x00000000c276c828, 0x00000000c276ca00, 0x00000000c96c0000)
 Metaspace       used 9385K, capacity 9602K, committed 9856K, reserved 1058816K
  class space    used 1033K, capacity 1090K, committed 1152K, reserved 1048576K
GC Heap History (10 events):
Event: 1.298 GC heap after
Heap after GC invocations=39 (full 0):
 def new generation   total 1152K, used 128K [0x00000000a2400000, 0x00000000a2540000, 0x00000000c1800000)
  eden space 1024K,   0% used [0x00000000a2400000, 0x00000000a2400000, 0x00000000a2500000)
  from space 128K, 100% used [0x00000000a2520000, 0x00000000a2540000, 0x00000000a2540000)
  to   space 128K,   0% used [0x00000000a2500000, 0x00000000a2500000, 0x00000000a2520000)
 tenured generation   total 129792K, used 9133K [0x00000000c1800000, 0x00000000c96c0000, 0x0000000100000000)
   the space 129792K,   7% used [0x00000000c1800000, 0x00000000c20eb5f8, 0x00000000c20eb600, 0x00000000c96c0000)
 Metaspace       used 9163K, capacity 9410K, committed 9600K, reserved 1058816K
  class space    used 1021K, capacity 1090K, committed 1152K, reserved 1048576K
}
Event: 1.310 GC heap before
{Heap before GC invocations=39 (full 0):
 def new generation   total 1152K, used 1152K [0x00000000a2400000, 0x00000000a2540000, 0x00000000c1800000)
  eden space 1024K, 100% used [0x00000000a2400000, 0x00000000a2500000, 0x00000000a2500000)
  from space 128K, 100% used [0x00000000a2520000, 0x00000000a2540000, 0x00000000a2540000)
  to   space 128K,   0% used [0x00000000a2500000, 0x00000000a2500000, 0x00000000a2520000)
 tenured generation   total 129792K, used 9133K [0x00000000c1800000, 0x00000000c96c0000, 0x0000000100000000)
   the space 129792K,   7% used [0x00000000c1800000, 0x00000000c20eb5f8, 0x00000000c20eb600, 0x00000000c96c0000)
 Metaspace       used 9215K, capacity 9410K, committed 9600K, reserved 1058816K
  class space    used 1023K, capacity 1090K, committed 1152K, reserved 1048576K
Event: 1.311 GC heap after
Heap after GC invocations=40 (full 0):
 def new generation   total 1152K, used 93K [0x00000000a2400000, 0x00000000a2540000, 0x00000000c1800000)
  eden space 1024K,   0% used [0x00000000a2400000, 0x00000000a2400000, 0x00000000a2500000)
  from space 128K,  72% used [0x00000000a2500000, 0x00000000a2517568, 0x00000000a2520000)
  to   space 128K,   0% used [0x00000000a2520000, 0x00000000a2520000, 0x00000000a2540000)
 tenured generation   total 129792K, used 9261K [0x00000000c1800000, 0x00000000c96c0000, 0x0000000100000000)
   the space 129792K,   7% used [0x00000000c1800000, 0x00000000c210b420, 0x00000000c210b600, 0x00000000c96c0000)
 Metaspace       used 9215K, capacity 9410K, committed 9600K, reserved 1058816K
  class space    used 1023K, capacity 1090K, committed 1152K, reserved 1048576K
}
Event: 1.327 GC heap before
{Heap before GC invocations=40 (full 0):
 def new generation   total 1152K, used 1117K [0x00000000a2400000, 0x00000000a2540000, 0x00000000c1800000)
  eden space 1024K, 100% used [0x00000000a2400000, 0x00000000a2500000, 0x00000000a2500000)
  from space 128K,  72% used [0x00000000a2500000, 0x00000000a2517568, 0x00000000a2520000)
  to   space 128K,   0% used [0x00000000a2520000, 0x00000000a2520000, 0x00000000a2540000)
 tenured generation   total 129792K, used 9261K [0x00000000c1800000, 0x00000000c96c0000, 0x0000000100000000)
   the space 129792K,   7% used [0x00000000c1800000, 0x00000000c210b420, 0x00000000c210b600, 0x00000000c96c0000)
 Metaspace       used 9293K, capacity 9474K, committed 9600K, reserved 1058816K
  class space    used 1031K, capacity 1090K, committed 1152K, reserved 1048576K
Event: 1.328 GC heap after
Heap after GC invocations=41 (full 0):
 def new generation   total 1152K, used 86K [0x00000000a2400000, 0x00000000a2540000, 0x00000000c1800000)
  eden space 1024K,   0% used [0x00000000a2400000, 0x00000000a2400000, 0x00000000a2500000)
  from space 128K,  67% used [0x00000000a2520000, 0x00000000a2535b78, 0x00000000a2540000)
  to   space 128K,   0% used [0x00000000a2500000, 0x00000000a2500000, 0x00000000a2520000)
 tenured generation   total 129792K, used 9315K [0x00000000c1800000, 0x00000000c96c0000, 0x0000000100000000)
   the space 129792K,   7% used [0x00000000c1800000, 0x00000000c2118cb8, 0x00000000c2118e00, 0x00000000c96c0000)
 Metaspace       used 9293K, capacity 9474K, committed 9600K, reserved 1058816K
  class space    used 1031K, capacity 1090K, committed 1152K, reserved 1048576K
}
Event: 1.349 GC heap before
{Heap before GC invocations=41 (full 0):
 def new generation   total 1152K, used 1110K [0x00000000a2400000, 0x00000000a2540000, 0x00000000c1800000)
  eden space 1024K, 100% used [0x00000000a2400000, 0x00000000a2500000, 0x00000000a2500000)
  from space 128K,  67% used [0x00000000a2520000, 0x00000000a2535b78, 0x00000000a2540000)
  to   space 128K,   0% used [0x00000000a2500000, 0x00000000a2500000, 0x00000000a2520000)
 tenured generation   total 129792K, used 9315K [0x00000000c1800000, 0x00000000c96c0000, 0x0000000100000000)
   the space 129792K,   7% used [0x00000000c1800000, 0x00000000c2118cb8, 0x00000000c2118e00, 0x00000000c96c0000)
 Metaspace       used 9345K, capacity 9602K, committed 9856K, reserved 1058816K
  class space    used 1033K, capacity 1090K, committed 1152K, reserved 1048576K
Event: 1.350 GC heap after
Heap after GC invocations=42 (full 0):
 def new generation   total 1152K, used 128K [0x00000000a2400000, 0x00000000a2540000, 0x00000000c1800000)
  eden space 1024K,   0% used [0x00000000a2400000, 0x00000000a2400000, 0x00000000a2500000)
  from space 128K, 100% used [0x00000000a2500000, 0x00000000a2520000, 0x00000000a2520000)
  to   space 128K,   0% used [0x00000000a2520000, 0x00000000a2520000, 0x00000000a2540000)
 tenured generation   total 129792K, used 9433K [0x00000000c1800000, 0x00000000c96c0000, 0x0000000100000000)
   the space 129792K,   7% used [0x00000000c1800000, 0x00000000c21366b0, 0x00000000c2136800, 0x00000000c96c0000)
 Metaspace       used 9345K, capacity 9602K, committed 9856K, reserved 1058816K
  class space    used 1033K, capacity 1090K, committed 1152K, reserved 1048576K
}
Event: 1.369 GC heap before
{Heap before GC invocations=42 (full 0):
 def new generation   total 1152K, used 1152K [0x00000000a2400000, 0x00000000a2540000, 0x00000000c1800000)
  eden space 1024K, 100% used [0x00000000a2400000, 0x00000000a2500000, 0x00000000a2500000)
  from space 128K, 100% used [0x00000000a2500000, 0x00000000a2520000, 0x00000000a2520000)
  to   space 128K,   0% used [0x00000000a2520000, 0x00000000a2520000, 0x00000000a2540000)
 tenured generation   total 129792K, used 9433K [0x00000000c1800000, 0x00000000c96c0000, 0x0000000100000000)
   the space 129792K,   7% used [0x00000000c1800000, 0x00000000c21366b0, 0x00000000c2136800, 0x00000000c96c0000)
 Metaspace       used 9374K, capacity 9602K, committed 9856K, reserved 1058816K
  class space    used 1033K, capacity 1090K, committed 1152K, reserved 1048576K
Event: 1.370 GC heap after
Heap after GC invocations=43 (full 0):
 def new generation   total 1152K, used 4K [0x00000000a2400000, 0x00000000a2540000, 0x00000000c1800000)
  eden space 1024K,   0% used [0x00000000a2400000, 0x00000000a2400000, 0x00000000a2500000)
  from space 128K,   3% used [0x00000000a2520000, 0x00000000a2521160, 0x00000000a2540000)
  to   space 128K,   0% used [0x00000000a2500000, 0x00000000a2500000, 0x00000000a2520000)
 tenured generation   total 129792K, used 9499K [0x00000000c1800000, 0x00000000c96c0000, 0x0000000100000000)
   the space 129792K,   7% used [0x00000000c1800000, 0x00000000c2146e38, 0x00000000c2147000, 0x00000000c96c0000)
 Metaspace       used 9374K, capacity 9602K, committed 9856K, reserved 1058816K
  class space    used 1033K, capacity 1090K, committed 1152K, reserved 1048576K
}
Event: 1.391 GC heap before
{Heap before GC invocations=43 (full 0):
 def new generation   total 1152K, used 1028K [0x00000000a2400000, 0x00000000a2540000, 0x00000000c1800000)
  eden space 1024K, 100% used [0x00000000a2400000, 0x00000000a2500000, 0x00000000a2500000)
  from space 128K,   3% used [0x00000000a2520000, 0x00000000a2521160, 0x00000000a2540000)
  to   space 128K,   0% used [0x00000000a2500000, 0x00000000a2500000, 0x00000000a2520000)
 tenured generation   total 129792K, used 9499K [0x00000000c1800000, 0x00000000c96c0000, 0x0000000100000000)
   the space 129792K,   7% used [0x00000000c1800000, 0x00000000c2146e38, 0x00000000c2147000, 0x00000000c96c0000)
 Metaspace       used 9381K, capacity 9602K, committed 9856K, reserved 1058816K
  class space    used 1033K, capacity 1090K, committed 1152K, reserved 1048576K

