# JRE version: Java(TM) SE Runtime Environment (8.0_05-b13) (build 1.8.0_05-b13)
# Java VM: Java HotSpot(TM) 64-Bit Server VM (25.5-b02 mixed mode windows-amd64 compressed oops)
Heap:
 def new generation   total 1152K, used 418K [0x00000000a2400000, 0x00000000a2540000, 0x00000000c1800000)
  eden space 1024K,  38% used [0x00000000a2400000, 0x00000000a24622c8, 0x00000000a2500000)
  from space 128K,  20% used [0x00000000a2520000, 0x00000000a2526800, 0x00000000a2540000)
  to   space 128K,   0% used [0x00000000a2500000, 0x00000000a2500000, 0x00000000a2520000)
 tenured generation   total 129792K, used 58526K [0x00000000c1800000, 0x00000000c96c0000, 0x0000000100000000)
   the space 129792K,  45% used [0x00000000c1800000, 0x00000000c51278f8, 0x00000000c5127a00, 0x00000000c96c0000)
 Metaspace       used 17566K, capacity 17966K, committed 18048K, reserved 1064960K
  class space    used 2040K, capacity 2155K, committed 2176K, reserved 1048576K
GC Heap History (10 events):
Event: 9.481 GC heap before
{Heap before GC invocations=852 (full 0):
 def new generation   total 1152K, used 1042K [0x00000000a2400000, 0x00000000a2540000, 0x00000000c1800000)
  eden space 1024K, 100% used [0x00000000a2400000, 0x00000000a2500000, 0x00000000a2500000)
  from space 128K,  14% used [0x00000000a2500000, 0x00000000a2504b08, 0x00000000a2520000)
  to   space 128K,   0% used [0x00000000a2520000, 0x00000000a2520000, 0x00000000a2540000)
 tenured generation   total 129792K, used 58503K [0x00000000c1800000, 0x00000000c96c0000, 0x0000000100000000)
   the space 129792K,  45% used [0x00000000c1800000, 0x00000000c5121cd0, 0x00000000c5121e00, 0x00000000c96c0000)
 Metaspace       used 17523K, capacity 17966K, committed 18048K, reserved 1064960K
  class space    used 2034K, capacity 2155K, committed 2176K, reserved 1048576K
Event: 9.482 GC heap after
Heap after GC invocations=853 (full 0):
 def new generation   total 1152K, used 10K [0x00000000a2400000, 0x00000000a2540000, 0x00000000c1800000)
  eden space 1024K,   0% used [0x00000000a2400000, 0x00000000a2400000, 0x00000000a2500000)
  from space 128K,   8% used [0x00000000a2520000, 0x00000000a2522a70, 0x00000000a2540000)
  to   space 128K,   0% used [0x00000000a2500000, 0x00000000a2500000, 0x00000000a2520000)
 tenured generation   total 129792K, used 58503K [0x00000000c1800000, 0x00000000c96c0000, 0x0000000100000000)
   the space 129792K,  45% used [0x00000000c1800000, 0x00000000c5121cd0, 0x00000000c5121e00, 0x00000000c96c0000)
 Metaspace       used 17523K, capacity 17966K, committed 18048K, reserved 1064960K
  class space    used 2034K, capacity 2155K, committed 2176K, reserved 1048576K
}
Event: 9.484 GC heap before
{Heap before GC invocations=853 (full 0):
 def new generation   total 1152K, used 1034K [0x00000000a2400000, 0x00000000a2540000, 0x00000000c1800000)
  eden space 1024K, 100% used [0x00000000a2400000, 0x00000000a2500000, 0x00000000a2500000)
  from space 128K,   8% used [0x00000000a2520000, 0x00000000a2522a70, 0x00000000a2540000)
  to   space 128K,   0% used [0x00000000a2500000, 0x00000000a2500000, 0x00000000a2520000)
 tenured generation   total 129792K, used 58503K [0x00000000c1800000, 0x00000000c96c0000, 0x0000000100000000)
   the space 129792K,  45% used [0x00000000c1800000, 0x00000000c5121cd0, 0x00000000c5121e00, 0x00000000c96c0000)
 Metaspace       used 17523K, capacity 17966K, committed 18048K, reserved 1064960K
  class space    used 2034K, capacity 2155K, committed 2176K, reserved 1048576K
Event: 9.485 GC heap after
Heap after GC invocations=854 (full 0):
 def new generation   total 1152K, used 84K [0x00000000a2400000, 0x00000000a2540000, 0x00000000c1800000)
  eden space 1024K,   0% used [0x00000000a2400000, 0x00000000a2400000, 0x00000000a2500000)
  from space 128K,  66% used [0x00000000a2500000, 0x00000000a2515260, 0x00000000a2520000)
  to   space 128K,   0% used [0x00000000a2520000, 0x00000000a2520000, 0x00000000a2540000)
 tenured generation   total 129792K, used 58503K [0x00000000c1800000, 0x00000000c96c0000, 0x0000000100000000)
   the space 129792K,  45% used [0x00000000c1800000, 0x00000000c5121cd0, 0x00000000c5121e00, 0x00000000c96c0000)
 Metaspace       used 17523K, capacity 17966K, committed 18048K, reserved 1064960K
  class space    used 2034K, capacity 2155K, committed 2176K, reserved 1048576K
}
Event: 9.488 GC heap before
{Heap before GC invocations=854 (full 0):
 def new generation   total 1152K, used 1108K [0x00000000a2400000, 0x00000000a2540000, 0x00000000c1800000)
  eden space 1024K, 100% used [0x00000000a2400000, 0x00000000a2500000, 0x00000000a2500000)
  from space 128K,  66% used [0x00000000a2500000, 0x00000000a2515260, 0x00000000a2520000)
  to   space 128K,   0% used [0x00000000a2520000, 0x00000000a2520000, 0x00000000a2540000)
 tenured generation   total 129792K, used 58503K [0x00000000c1800000, 0x00000000c96c0000, 0x0000000100000000)
   the space 129792K,  45% used [0x00000000c1800000, 0x00000000c5121cd0, 0x00000000c5121e00, 0x00000000c96c0000)
 Metaspace       used 17523K, capacity 17966K, committed 18048K, reserved 1064960K
  class space    used 2034K, capacity 2155K, committed 2176K, reserved 1048576K
Event: 9.489 GC heap after
Heap after GC invocations=855 (full 0):
 def new generation   total 1152K, used 79K [0x00000000a2400000, 0x00000000a2540000, 0x00000000c1800000)
  eden space 1024K,   0% used [0x00000000a2400000, 0x00000000a2400000, 0x00000000a2500000)
  from space 128K,  61% used [0x00000000a2520000, 0x00000000a2533c30, 0x00000000a2540000)
  to   space 128K,   0% used [0x00000000a2500000, 0x00000000a2500000, 0x00000000a2520000)
 tenured generation   total 129792K, used 58512K [0x00000000c1800000, 0x00000000c96c0000, 0x0000000100000000)
   the space 129792K,  45% used [0x00000000c1800000, 0x00000000c51243f0, 0x00000000c5124400, 0x00000000c96c0000)
 Metaspace       used 17523K, capacity 17966K, committed 18048K, reserved 1064960K
  class space    used 2034K, capacity 2155K, committed 2176K, reserved 1048576K
}
Event: 9.493 GC heap before
{Heap before GC invocations=855 (full 0):
 def new generation   total 1152K, used 1103K [0x00000000a2400000, 0x00000000a2540000, 0x00000000c1800000)
  eden space 1024K, 100% used [0x00000000a2400000, 0x00000000a2500000, 0x00000000a2500000)
  from space 128K,  61% used [0x00000000a2520000, 0x00000000a2533c30, 0x00000000a2540000)
  to   space 128K,   0% used [0x00000000a2500000, 0x00000000a2500000, 0x00000000a2520000)
 tenured generation   total 129792K, used 58512K [0x00000000c1800000, 0x00000000c96c0000, 0x0000000100000000)
   the space 129792K,  45% used [0x00000000c1800000, 0x00000000c51243f0, 0x00000000c5124400, 0x00000000c96c0000)
 Metaspace       used 17527K, capacity 17966K, committed 18048K, reserved 1064960K
  class space    used 2035K, capacity 2155K, committed 2176K, reserved 1048576K
Event: 9.494 GC heap after
Heap after GC invocations=856 (full 0):
 def new generation   total 1152K, used 64K [0x00000000a2400000, 0x00000000a2540000, 0x00000000c1800000)
  eden space 1024K,   0% used [0x00000000a2400000, 0x00000000a2400000, 0x00000000a2500000)
  from space 128K,  50% used [0x00000000a2500000, 0x00000000a25101a8, 0x00000000a2520000)
  to   space 128K,   0% used [0x00000000a2520000, 0x00000000a2520000, 0x00000000a2540000)
 tenured generation   total 129792K, used 58518K [0x00000000c1800000, 0x00000000c96c0000, 0x0000000100000000)
   the space 129792K,  45% used [0x00000000c1800000, 0x00000000c51259d0, 0x00000000c5125a00, 0x00000000c96c0000)
 Metaspace       used 17527K, capacity 17966K, committed 18048K, reserved 1064960K
  class space    used 2035K, capacity 2155K, committed 2176K, reserved 1048576K
}
Event: 9.500 GC heap before
{Heap before GC invocations=856 (full 0):
 def new generation   total 1152K, used 1088K [0x00000000a2400000, 0x00000000a2540000, 0x00000000c1800000)
  eden space 1024K, 100% used [0x00000000a2400000, 0x00000000a2500000, 0x00000000a2500000)
  from space 128K,  50% used [0x00000000a2500000, 0x00000000a25101a8, 0x00000000a2520000)
  to   space 128K,   0% used [0x00000000a2520000, 0x00000000a2520000, 0x00000000a2540000)
 tenured generation   total 129792K, used 58518K [0x00000000c1800000, 0x00000000c96c0000, 0x0000000100000000)
   the space 129792K,  45% used [0x00000000c1800000, 0x00000000c51259d0, 0x00000000c5125a00, 0x00000000c96c0000)
 Metaspace       used 17533K, capacity 17966K, committed 18048K, reserved 1064960K
  class space    used 2036K, capacity 2155K, committed 2176K, reserved 1048576K
Event: 9.501 GC heap after
Heap after GC invocations=857 (full 0):
 def new generation   total 1152K, used 26K [0x00000000a2400000, 0x00000000a2540000, 0x00000000c1800000)
  eden space 1024K,   0% used [0x00000000a2400000, 0x00000000a2400000, 0x00000000a2500000)
  from space 128K,  20% used [0x00000000a2520000, 0x00000000a2526800, 0x00000000a2540000)
  to   space 128K,   0% used [0x00000000a2500000, 0x00000000a2500000, 0x00000000a2520000)
 tenured generation   total 129792K, used 58526K [0x00000000c1800000, 0x00000000c96c0000, 0x0000000100000000)
   the space 129792K,  45% used [0x00000000c1800000, 0x00000000c51278f8, 0x00000000c5127a00, 0x00000000c96c0000)
 Metaspace       used 17533K, capacity 17966K, committed 18048K, reserved 1064960K
  class space    used 2036K, capacity 2155K, committed 2176K, reserved 1048576K
}

