# JRE version: Java(TM) SE Runtime Environment (8.0_05-b13) (build 1.8.0_05-b13)
# Java VM: Java HotSpot(TM) 64-Bit Server VM (25.5-b02 mixed mode windows-amd64 compressed oops)
Heap:
 def new generation   total 1152K, used 451K [0x00000000a2400000, 0x00000000a2540000, 0x00000000c1800000)
  eden space 1024K,  40% used [0x00000000a2400000, 0x00000000a2467518, 0x00000000a2500000)
  from space 128K,  29% used [0x00000000a2520000, 0x00000000a2529830, 0x00000000a2540000)
  to   space 128K,   0% used [0x00000000a2500000, 0x00000000a2500000, 0x00000000a2520000)
 tenured generation   total 129792K, used 57487K [0x00000000c1800000, 0x00000000c96c0000, 0x0000000100000000)
   the space 129792K,  44% used [0x00000000c1800000, 0x00000000c5023cf0, 0x00000000c5023e00, 0x00000000c96c0000)
 Metaspace       used 17562K, capacity 17966K, committed 18048K, reserved 1064960K
  class space    used 2040K, capacity 2155K, committed 2176K, reserved 1048576K
GC Heap History (10 events):
Event: 12.905 GC heap before
{Heap before GC invocations=854 (full 0):
 def new generation   total 1152K, used 1042K [0x00000000a2400000, 0x00000000a2540000, 0x00000000c1800000)
  eden space 1024K, 100% used [0x00000000a2400000, 0x00000000a2500000, 0x00000000a2500000)
  from space 128K,  14% used [0x00000000a2500000, 0x00000000a2504bb0, 0x00000000a2520000)
  to   space 128K,   0% used [0x00000000a2520000, 0x00000000a2520000, 0x00000000a2540000)
 tenured generation   total 129792K, used 57474K [0x00000000c1800000, 0x00000000c96c0000, 0x0000000100000000)
   the space 129792K,  44% used [0x00000000c1800000, 0x00000000c5020838, 0x00000000c5020a00, 0x00000000c96c0000)
 Metaspace       used 17518K, capacity 17966K, committed 18048K, reserved 1064960K
  class space    used 2034K, capacity 2155K, committed 2176K, reserved 1048576K
Event: 12.906 GC heap after
Heap after GC invocations=855 (full 0):
 def new generation   total 1152K, used 90K [0x00000000a2400000, 0x00000000a2540000, 0x00000000c1800000)
  eden space 1024K,   0% used [0x00000000a2400000, 0x00000000a2400000, 0x00000000a2500000)
  from space 128K,  70% used [0x00000000a2520000, 0x00000000a2536b48, 0x00000000a2540000)
  to   space 128K,   0% used [0x00000000a2500000, 0x00000000a2500000, 0x00000000a2520000)
 tenured generation   total 129792K, used 57474K [0x00000000c1800000, 0x00000000c96c0000, 0x0000000100000000)
   the space 129792K,  44% used [0x00000000c1800000, 0x00000000c5020838, 0x00000000c5020a00, 0x00000000c96c0000)
 Metaspace       used 17518K, capacity 17966K, committed 18048K, reserved 1064960K
  class space    used 2034K, capacity 2155K, committed 2176K, reserved 1048576K
}
Event: 12.909 GC heap before
{Heap before GC invocations=855 (full 0):
 def new generation   total 1152K, used 1114K [0x00000000a2400000, 0x00000000a2540000, 0x00000000c1800000)
  eden space 1024K, 100% used [0x00000000a2400000, 0x00000000a2500000, 0x00000000a2500000)
  from space 128K,  70% used [0x00000000a2520000, 0x00000000a2536b48, 0x00000000a2540000)
  to   space 128K,   0% used [0x00000000a2500000, 0x00000000a2500000, 0x00000000a2520000)
 tenured generation   total 129792K, used 57474K [0x00000000c1800000, 0x00000000c96c0000, 0x0000000100000000)
   the space 129792K,  44% used [0x00000000c1800000, 0x00000000c5020838, 0x00000000c5020a00, 0x00000000c96c0000)
 Metaspace       used 17519K, capacity 17966K, committed 18048K, reserved 1064960K
  class space    used 2034K, capacity 2155K, committed 2176K, reserved 1048576K
Event: 12.910 GC heap after
Heap after GC invocations=856 (full 0):
 def new generation   total 1152K, used 76K [0x00000000a2400000, 0x00000000a2540000, 0x00000000c1800000)
  eden space 1024K,   0% used [0x00000000a2400000, 0x00000000a2400000, 0x00000000a2500000)
  from space 128K,  59% used [0x00000000a2500000, 0x00000000a25131e0, 0x00000000a2520000)
  to   space 128K,   0% used [0x00000000a2520000, 0x00000000a2520000, 0x00000000a2540000)
 tenured generation   total 129792K, used 57483K [0x00000000c1800000, 0x00000000c96c0000, 0x0000000100000000)
   the space 129792K,  44% used [0x00000000c1800000, 0x00000000c5022f80, 0x00000000c5023000, 0x00000000c96c0000)
 Metaspace       used 17519K, capacity 17966K, committed 18048K, reserved 1064960K
  class space    used 2034K, capacity 2155K, committed 2176K, reserved 1048576K
}
Event: 12.913 GC heap before
{Heap before GC invocations=856 (full 0):
 def new generation   total 1152K, used 1100K [0x00000000a2400000, 0x00000000a2540000, 0x00000000c1800000)
  eden space 1024K, 100% used [0x00000000a2400000, 0x00000000a2500000, 0x00000000a2500000)
  from space 128K,  59% used [0x00000000a2500000, 0x00000000a25131e0, 0x00000000a2520000)
  to   space 128K,   0% used [0x00000000a2520000, 0x00000000a2520000, 0x00000000a2540000)
 tenured generation   total 129792K, used 57483K [0x00000000c1800000, 0x00000000c96c0000, 0x0000000100000000)
   the space 129792K,  44% used [0x00000000c1800000, 0x00000000c5022f80, 0x00000000c5023000, 0x00000000c96c0000)
 Metaspace       used 17519K, capacity 17966K, committed 18048K, reserved 1064960K
  class space    used 2034K, capacity 2155K, committed 2176K, reserved 1048576K
Event: 12.914 GC heap after
Heap after GC invocations=857 (full 0):
 def new generation   total 1152K, used 71K [0x00000000a2400000, 0x00000000a2540000, 0x00000000c1800000)
  eden space 1024K,   0% used [0x00000000a2400000, 0x00000000a2400000, 0x00000000a2500000)
  from space 128K,  55% used [0x00000000a2520000, 0x00000000a2531ea0, 0x00000000a2540000)
  to   space 128K,   0% used [0x00000000a2500000, 0x00000000a2500000, 0x00000000a2520000)
 tenured generation   total 129792K, used 57485K [0x00000000c1800000, 0x00000000c96c0000, 0x0000000100000000)
   the space 129792K,  44% used [0x00000000c1800000, 0x00000000c50236f8, 0x00000000c5023800, 0x00000000c96c0000)
 Metaspace       used 17519K, capacity 17966K, committed 18048K, reserved 1064960K
  class space    used 2034K, capacity 2155K, committed 2176K, reserved 1048576K
}
Event: 12.918 GC heap before
{Heap before GC invocations=857 (full 0):
 def new generation   total 1152K, used 1095K [0x00000000a2400000, 0x00000000a2540000, 0x00000000c1800000)
  eden space 1024K, 100% used [0x00000000a2400000, 0x00000000a2500000, 0x00000000a2500000)
  from space 128K,  55% used [0x00000000a2520000, 0x00000000a2531ea0, 0x00000000a2540000)
  to   space 128K,   0% used [0x00000000a2500000, 0x00000000a2500000, 0x00000000a2520000)
 tenured generation   total 129792K, used 57485K [0x00000000c1800000, 0x00000000c96c0000, 0x0000000100000000)
   the space 129792K,  44% used [0x00000000c1800000, 0x00000000c50236f8, 0x00000000c5023800, 0x00000000c96c0000)
 Metaspace       used 17522K, capacity 17966K, committed 18048K, reserved 1064960K
  class space    used 2035K, capacity 2155K, committed 2176K, reserved 1048576K
Event: 12.919 GC heap after
Heap after GC invocations=858 (full 0):
 def new generation   total 1152K, used 62K [0x00000000a2400000, 0x00000000a2540000, 0x00000000c1800000)
  eden space 1024K,   0% used [0x00000000a2400000, 0x00000000a2400000, 0x00000000a2500000)
  from space 128K,  48% used [0x00000000a2500000, 0x00000000a250f890, 0x00000000a2520000)
  to   space 128K,   0% used [0x00000000a2520000, 0x00000000a2520000, 0x00000000a2540000)
 tenured generation   total 129792K, used 57487K [0x00000000c1800000, 0x00000000c96c0000, 0x0000000100000000)
   the space 129792K,  44% used [0x00000000c1800000, 0x00000000c5023cf0, 0x00000000c5023e00, 0x00000000c96c0000)
 Metaspace       used 17522K, capacity 17966K, committed 18048K, reserved 1064960K
  class space    used 2035K, capacity 2155K, committed 2176K, reserved 1048576K
}
Event: 12.925 GC heap before
{Heap before GC invocations=858 (full 0):
 def new generation   total 1152K, used 1086K [0x00000000a2400000, 0x00000000a2540000, 0x00000000c1800000)
  eden space 1024K, 100% used [0x00000000a2400000, 0x00000000a2500000, 0x00000000a2500000)
  from space 128K,  48% used [0x00000000a2500000, 0x00000000a250f890, 0x00000000a2520000)
  to   space 128K,   0% used [0x00000000a2520000, 0x00000000a2520000, 0x00000000a2540000)
 tenured generation   total 129792K, used 57487K [0x00000000c1800000, 0x00000000c96c0000, 0x0000000100000000)
   the space 129792K,  44% used [0x00000000c1800000, 0x00000000c5023cf0, 0x00000000c5023e00, 0x00000000c96c0000)
 Metaspace       used 17529K, capacity 17966K, committed 18048K, reserved 1064960K
  class space    used 2037K, capacity 2155K, committed 2176K, reserved 1048576K
Event: 12.926 GC heap after
Heap after GC invocations=859 (full 0):
 def new generation   total 1152K, used 38K [0x00000000a2400000, 0x00000000a2540000, 0x00000000c1800000)
  eden space 1024K,   0% used [0x00000000a2400000, 0x00000000a2400000, 0x00000000a2500000)
  from space 128K,  29% used [0x00000000a2520000, 0x00000000a2529830, 0x00000000a2540000)
  to   space 128K,   0% used [0x00000000a2500000, 0x00000000a2500000, 0x00000000a2520000)
 tenured generation   total 129792K, used 57487K [0x00000000c1800000, 0x00000000c96c0000, 0x0000000100000000)
   the space 129792K,  44% used [0x00000000c1800000, 0x00000000c5023cf0, 0x00000000c5023e00, 0x00000000c96c0000)
 Metaspace       used 17529K, capacity 17966K, committed 18048K, reserved 1064960K
  class space    used 2037K, capacity 2155K, committed 2176K, reserved 1048576K
}

