# JRE version: Java(TM) SE Runtime Environment (8.0_05-b13) (build 1.8.0_05-b13)
# Java VM: Java HotSpot(TM) 64-Bit Server VM (25.5-b02 mixed mode windows-amd64 compressed oops)
Heap:
 def new generation   total 1152K, used 314K [0x00000000a2400000, 0x00000000a2540000, 0x00000000c1800000)
  eden space 1024K,  18% used [0x00000000a2400000, 0x00000000a242e890, 0x00000000a2500000)
  from space 128K, 100% used [0x00000000a2520000, 0x00000000a2540000, 0x00000000a2540000)
  to   space 128K,   0% used [0x00000000a2500000, 0x00000000a2500000, 0x00000000a2520000)
 tenured generation   total 129792K, used 50547K [0x00000000c1800000, 0x00000000c96c0000, 0x0000000100000000)
   the space 129792K,  38% used [0x00000000c1800000, 0x00000000c495cc70, 0x00000000c495ce00, 0x00000000c96c0000)
 Metaspace       used 13702K, capacity 13968K, committed 14208K, reserved 1062912K
  class space    used 1548K, capacity 1622K, committed 1664K, reserved 1048576K
GC Heap History (10 events):
Event: 7.184 GC heap before
{Heap before GC invocations=570 (full 0):
 def new generation   total 1152K, used 1152K [0x00000000a2400000, 0x00000000a2540000, 0x00000000c1800000)
  eden space 1024K, 100% used [0x00000000a2400000, 0x00000000a2500000, 0x00000000a2500000)
  from space 128K, 100% used [0x00000000a2500000, 0x00000000a2520000, 0x00000000a2520000)
  to   space 128K,   0% used [0x00000000a2520000, 0x00000000a2520000, 0x00000000a2540000)
 tenured generation   total 129792K, used 50216K [0x00000000c1800000, 0x00000000c96c0000, 0x0000000100000000)
   the space 129792K,  38% used [0x00000000c1800000, 0x00000000c490a278, 0x00000000c490a400, 0x00000000c96c0000)
 Metaspace       used 13444K, capacity 13742K, committed 13952K, reserved 1060864K
  class space    used 1524K, capacity 1588K, committed 1664K, reserved 1048576K
Event: 7.186 GC heap after
Heap after GC invocations=571 (full 0):
 def new generation   total 1152K, used 103K [0x00000000a2400000, 0x00000000a2540000, 0x00000000c1800000)
  eden space 1024K,   0% used [0x00000000a2400000, 0x00000000a2400000, 0x00000000a2500000)
  from space 128K,  80% used [0x00000000a2520000, 0x00000000a2539c08, 0x00000000a2540000)
  to   space 128K,   0% used [0x00000000a2500000, 0x00000000a2500000, 0x00000000a2520000)
 tenured generation   total 129792K, used 50298K [0x00000000c1800000, 0x00000000c96c0000, 0x0000000100000000)
   the space 129792K,  38% used [0x00000000c1800000, 0x00000000c491e980, 0x00000000c491ea00, 0x00000000c96c0000)
 Metaspace       used 13444K, capacity 13742K, committed 13952K, reserved 1060864K
  class space    used 1524K, capacity 1588K, committed 1664K, reserved 1048576K
}
Event: 7.190 GC heap before
{Heap before GC invocations=571 (full 0):
 def new generation   total 1152K, used 1127K [0x00000000a2400000, 0x00000000a2540000, 0x00000000c1800000)
  eden space 1024K, 100% used [0x00000000a2400000, 0x00000000a2500000, 0x00000000a2500000)
  from space 128K,  80% used [0x00000000a2520000, 0x00000000a2539c08, 0x00000000a2540000)
  to   space 128K,   0% used [0x00000000a2500000, 0x00000000a2500000, 0x00000000a2520000)
 tenured generation   total 129792K, used 50298K [0x00000000c1800000, 0x00000000c96c0000, 0x0000000100000000)
   the space 129792K,  38% used [0x00000000c1800000, 0x00000000c491e980, 0x00000000c491ea00, 0x00000000c96c0000)
 Metaspace       used 13444K, capacity 13742K, committed 13952K, reserved 1060864K
  class space    used 1524K, capacity 1588K, committed 1664K, reserved 1048576K
Event: 7.191 GC heap after
Heap after GC invocations=572 (full 0):
 def new generation   total 1152K, used 84K [0x00000000a2400000, 0x00000000a2540000, 0x00000000c1800000)
  eden space 1024K,   0% used [0x00000000a2400000, 0x00000000a2400000, 0x00000000a2500000)
  from space 128K,  65% used [0x00000000a2500000, 0x00000000a25150d8, 0x00000000a2520000)
  to   space 128K,   0% used [0x00000000a2520000, 0x00000000a2520000, 0x00000000a2540000)
 tenured generation   total 129792K, used 50345K [0x00000000c1800000, 0x00000000c96c0000, 0x0000000100000000)
   the space 129792K,  38% used [0x00000000c1800000, 0x00000000c492a650, 0x00000000c492a800, 0x00000000c96c0000)
 Metaspace       used 13444K, capacity 13742K, committed 13952K, reserved 1060864K
  class space    used 1524K, capacity 1588K, committed 1664K, reserved 1048576K
}
Event: 7.197 GC heap before
{Heap before GC invocations=572 (full 0):
 def new generation   total 1152K, used 1108K [0x00000000a2400000, 0x00000000a2540000, 0x00000000c1800000)
  eden space 1024K, 100% used [0x00000000a2400000, 0x00000000a2500000, 0x00000000a2500000)
  from space 128K,  65% used [0x00000000a2500000, 0x00000000a25150d8, 0x00000000a2520000)
  to   space 128K,   0% used [0x00000000a2520000, 0x00000000a2520000, 0x00000000a2540000)
 tenured generation   total 129792K, used 50345K [0x00000000c1800000, 0x00000000c96c0000, 0x0000000100000000)
   the space 129792K,  38% used [0x00000000c1800000, 0x00000000c492a650, 0x00000000c492a800, 0x00000000c96c0000)
 Metaspace       used 13444K, capacity 13742K, committed 13952K, reserved 1060864K
  class space    used 1524K, capacity 1588K, committed 1664K, reserved 1048576K
Event: 7.198 GC heap after
Heap after GC invocations=573 (full 0):
 def new generation   total 1152K, used 127K [0x00000000a2400000, 0x00000000a2540000, 0x00000000c1800000)
  eden space 1024K,   0% used [0x00000000a2400000, 0x00000000a2400000, 0x00000000a2500000)
  from space 128K,  99% used [0x00000000a2520000, 0x00000000a253fff8, 0x00000000a2540000)
  to   space 128K,   0% used [0x00000000a2500000, 0x00000000a2500000, 0x00000000a2520000)
 tenured generation   total 129792K, used 50403K [0x00000000c1800000, 0x00000000c96c0000, 0x0000000100000000)
   the space 129792K,  38% used [0x00000000c1800000, 0x00000000c4938cd8, 0x00000000c4938e00, 0x00000000c96c0000)
 Metaspace       used 13444K, capacity 13742K, committed 13952K, reserved 1060864K
  class space    used 1524K, capacity 1588K, committed 1664K, reserved 1048576K
}
Event: 7.201 GC heap before
{Heap before GC invocations=573 (full 0):
 def new generation   total 1152K, used 1151K [0x00000000a2400000, 0x00000000a2540000, 0x00000000c1800000)
  eden space 1024K, 100% used [0x00000000a2400000, 0x00000000a2500000, 0x00000000a2500000)
  from space 128K,  99% used [0x00000000a2520000, 0x00000000a253fff8, 0x00000000a2540000)
  to   space 128K,   0% used [0x00000000a2500000, 0x00000000a2500000, 0x00000000a2520000)
 tenured generation   total 129792K, used 50403K [0x00000000c1800000, 0x00000000c96c0000, 0x0000000100000000)
   the space 129792K,  38% used [0x00000000c1800000, 0x00000000c4938cd8, 0x00000000c4938e00, 0x00000000c96c0000)
 Metaspace       used 13444K, capacity 13742K, committed 13952K, reserved 1060864K
  class space    used 1524K, capacity 1588K, committed 1664K, reserved 1048576K
Event: 7.202 GC heap after
Heap after GC invocations=574 (full 0):
 def new generation   total 1152K, used 65K [0x00000000a2400000, 0x00000000a2540000, 0x00000000c1800000)
  eden space 1024K,   0% used [0x00000000a2400000, 0x00000000a2400000, 0x00000000a2500000)
  from space 128K,  51% used [0x00000000a2500000, 0x00000000a2510678, 0x00000000a2520000)
  to   space 128K,   0% used [0x00000000a2520000, 0x00000000a2520000, 0x00000000a2540000)
 tenured generation   total 129792K, used 50512K [0x00000000c1800000, 0x00000000c96c0000, 0x0000000100000000)
   the space 129792K,  38% used [0x00000000c1800000, 0x00000000c4954298, 0x00000000c4954400, 0x00000000c96c0000)
 Metaspace       used 13444K, capacity 13742K, committed 13952K, reserved 1060864K
  class space    used 1524K, capacity 1588K, committed 1664K, reserved 1048576K
}
Event: 7.251 GC heap before
{Heap before GC invocations=574 (full 0):
 def new generation   total 1152K, used 1089K [0x00000000a2400000, 0x00000000a2540000, 0x00000000c1800000)
  eden space 1024K, 100% used [0x00000000a2400000, 0x00000000a2500000, 0x00000000a2500000)
  from space 128K,  51% used [0x00000000a2500000, 0x00000000a2510678, 0x00000000a2520000)
  to   space 128K,   0% used [0x00000000a2520000, 0x00000000a2520000, 0x00000000a2540000)
 tenured generation   total 129792K, used 50512K [0x00000000c1800000, 0x00000000c96c0000, 0x0000000100000000)
   the space 129792K,  38% used [0x00000000c1800000, 0x00000000c4954298, 0x00000000c4954400, 0x00000000c96c0000)
 Metaspace       used 13665K, capacity 13968K, committed 14208K, reserved 1062912K
  class space    used 1543K, capacity 1622K, committed 1664K, reserved 1048576K
Event: 7.252 GC heap after
Heap after GC invocations=575 (full 0):
 def new generation   total 1152K, used 128K [0x00000000a2400000, 0x00000000a2540000, 0x00000000c1800000)
  eden space 1024K,   0% used [0x00000000a2400000, 0x00000000a2400000, 0x00000000a2500000)
  from space 128K, 100% used [0x00000000a2520000, 0x00000000a2540000, 0x00000000a2540000)
  to   space 128K,   0% used [0x00000000a2500000, 0x00000000a2500000, 0x00000000a2520000)
 tenured generation   total 129792K, used 50547K [0x00000000c1800000, 0x00000000c96c0000, 0x0000000100000000)
   the space 129792K,  38% used [0x00000000c1800000, 0x00000000c495cc70, 0x00000000c495ce00, 0x00000000c96c0000)
 Metaspace       used 13665K, capacity 13968K, committed 14208K, reserved 1062912K
  class space    used 1543K, capacity 1622K, committed 1664K, reserved 1048576K
}

