# JRE version: Java(TM) SE Runtime Environment (8.0_05-b13) (build 1.8.0_05-b13)
# Java VM: Java HotSpot(TM) 64-Bit Server VM (25.5-b02 mixed mode windows-amd64 compressed oops)
Heap:
 def new generation   total 1152K, used 805K [0x00000000a2400000, 0x00000000a2540000, 0x00000000c1800000)
  eden space 1024K,  66% used [0x00000000a2400000, 0x00000000a24aaaf0, 0x00000000a2500000)
  from space 128K,  95% used [0x00000000a2520000, 0x00000000a253e918, 0x00000000a2540000)
  to   space 128K,   0% used [0x00000000a2500000, 0x00000000a2500000, 0x00000000a2520000)
 tenured generation   total 129792K, used 17069K [0x00000000c1800000, 0x00000000c96c0000, 0x0000000100000000)
   the space 129792K,  13% used [0x00000000c1800000, 0x00000000c28ab6b0, 0x00000000c28ab800, 0x00000000c96c0000)
 Metaspace       used 9461K, capacity 9666K, committed 9856K, reserved 1058816K
  class space    used 1037K, capacity 1090K, committed 1152K, reserved 1048576K
GC Heap History (10 events):
Event: 1.294 GC heap before
{Heap before GC invocations=47 (full 0):
 def new generation   total 1152K, used 1152K [0x00000000a2400000, 0x00000000a2540000, 0x00000000c1800000)
  eden space 1024K, 100% used [0x00000000a2400000, 0x00000000a2500000, 0x00000000a2500000)
  from space 128K, 100% used [0x00000000a2520000, 0x00000000a2540000, 0x00000000a2540000)
  to   space 128K,   0% used [0x00000000a2500000, 0x00000000a2500000, 0x00000000a2520000)
 tenured generation   total 129792K, used 13176K [0x00000000c1800000, 0x00000000c96c0000, 0x0000000100000000)
   the space 129792K,  10% used [0x00000000c1800000, 0x00000000c24de1b8, 0x00000000c24de200, 0x00000000c96c0000)
 Metaspace       used 9392K, capacity 9602K, committed 9856K, reserved 1058816K
  class space    used 1033K, capacity 1090K, committed 1152K, reserved 1048576K
Event: 1.296 GC heap after
Heap after GC invocations=48 (full 0):
 def new generation   total 1152K, used 127K [0x00000000a2400000, 0x00000000a2540000, 0x00000000c1800000)
  eden space 1024K,   0% used [0x00000000a2400000, 0x00000000a2400000, 0x00000000a2500000)
  from space 128K,  99% used [0x00000000a2500000, 0x00000000a251fff8, 0x00000000a2520000)
  to   space 128K,   0% used [0x00000000a2520000, 0x00000000a2520000, 0x00000000a2540000)
 tenured generation   total 129792K, used 14120K [0x00000000c1800000, 0x00000000c96c0000, 0x0000000100000000)
   the space 129792K,  10% used [0x00000000c1800000, 0x00000000c25ca048, 0x00000000c25ca200, 0x00000000c96c0000)
 Metaspace       used 9392K, capacity 9602K, committed 9856K, reserved 1058816K
  class space    used 1033K, capacity 1090K, committed 1152K, reserved 1048576K
}
Event: 1.305 GC heap before
{Heap before GC invocations=48 (full 0):
 def new generation   total 1152K, used 1151K [0x00000000a2400000, 0x00000000a2540000, 0x00000000c1800000)
  eden space 1024K, 100% used [0x00000000a2400000, 0x00000000a2500000, 0x00000000a2500000)
  from space 128K,  99% used [0x00000000a2500000, 0x00000000a251fff8, 0x00000000a2520000)
  to   space 128K,   0% used [0x00000000a2520000, 0x00000000a2520000, 0x00000000a2540000)
 tenured generation   total 129792K, used 14120K [0x00000000c1800000, 0x00000000c96c0000, 0x0000000100000000)
   the space 129792K,  10% used [0x00000000c1800000, 0x00000000c25ca048, 0x00000000c25ca200, 0x00000000c96c0000)
 Metaspace       used 9392K, capacity 9602K, committed 9856K, reserved 1058816K
  class space    used 1033K, capacity 1090K, committed 1152K, reserved 1048576K
Event: 1.307 GC heap after
Heap after GC invocations=49 (full 0):
 def new generation   total 1152K, used 128K [0x00000000a2400000, 0x00000000a2540000, 0x00000000c1800000)
  eden space 1024K,   0% used [0x00000000a2400000, 0x00000000a2400000, 0x00000000a2500000)
  from space 128K, 100% used [0x00000000a2520000, 0x00000000a2540000, 0x00000000a2540000)
  to   space 128K,   0% used [0x00000000a2500000, 0x00000000a2500000, 0x00000000a2520000)
 tenured generation   total 129792K, used 15062K [0x00000000c1800000, 0x00000000c96c0000, 0x0000000100000000)
   the space 129792K,  11% used [0x00000000c1800000, 0x00000000c26b5b68, 0x00000000c26b5c00, 0x00000000c96c0000)
 Metaspace       used 9392K, capacity 9602K, committed 9856K, reserved 1058816K
  class space    used 1033K, capacity 1090K, committed 1152K, reserved 1048576K
}
Event: 1.313 GC heap before
{Heap before GC invocations=49 (full 0):
 def new generation   total 1152K, used 1152K [0x00000000a2400000, 0x00000000a2540000, 0x00000000c1800000)
  eden space 1024K, 100% used [0x00000000a2400000, 0x00000000a2500000, 0x00000000a2500000)
  from space 128K, 100% used [0x00000000a2520000, 0x00000000a2540000, 0x00000000a2540000)
  to   space 128K,   0% used [0x00000000a2500000, 0x00000000a2500000, 0x00000000a2520000)
 tenured generation   total 129792K, used 15062K [0x00000000c1800000, 0x00000000c96c0000, 0x0000000100000000)
   the space 129792K,  11% used [0x00000000c1800000, 0x00000000c26b5b68, 0x00000000c26b5c00, 0x00000000c96c0000)
 Metaspace       used 9392K, capacity 9602K, committed 9856K, reserved 1058816K
  class space    used 1033K, capacity 1090K, committed 1152K, reserved 1048576K
Event: 1.315 GC heap after
Heap after GC invocations=50 (full 0):
 def new generation   total 1152K, used 128K [0x00000000a2400000, 0x00000000a2540000, 0x00000000c1800000)
  eden space 1024K,   0% used [0x00000000a2400000, 0x00000000a2400000, 0x00000000a2500000)
  from space 128K, 100% used [0x00000000a2500000, 0x00000000a2520000, 0x00000000a2520000)
  to   space 128K,   0% used [0x00000000a2520000, 0x00000000a2520000, 0x00000000a2540000)
 tenured generation   total 129792K, used 16009K [0x00000000c1800000, 0x00000000c96c0000, 0x0000000100000000)
   the space 129792K,  12% used [0x00000000c1800000, 0x00000000c27a24c0, 0x00000000c27a2600, 0x00000000c96c0000)
 Metaspace       used 9392K, capacity 9602K, committed 9856K, reserved 1058816K
  class space    used 1033K, capacity 1090K, committed 1152K, reserved 1048576K
}
Event: 1.322 GC heap before
{Heap before GC invocations=50 (full 0):
 def new generation   total 1152K, used 1145K [0x00000000a2400000, 0x00000000a2540000, 0x00000000c1800000)
  eden space 1024K,  99% used [0x00000000a2400000, 0x00000000a24fe560, 0x00000000a2500000)
  from space 128K, 100% used [0x00000000a2500000, 0x00000000a2520000, 0x00000000a2520000)
  to   space 128K,   0% used [0x00000000a2520000, 0x00000000a2520000, 0x00000000a2540000)
 tenured generation   total 129792K, used 16009K [0x00000000c1800000, 0x00000000c96c0000, 0x0000000100000000)
   the space 129792K,  12% used [0x00000000c1800000, 0x00000000c27a24c0, 0x00000000c27a2600, 0x00000000c96c0000)
 Metaspace       used 9399K, capacity 9602K, committed 9856K, reserved 1058816K
  class space    used 1034K, capacity 1090K, committed 1152K, reserved 1048576K
Event: 1.324 GC heap after
Heap after GC invocations=51 (full 0):
 def new generation   total 1152K, used 128K [0x00000000a2400000, 0x00000000a2540000, 0x00000000c1800000)
  eden space 1024K,   0% used [0x00000000a2400000, 0x00000000a2400000, 0x00000000a2500000)
  from space 128K, 100% used [0x00000000a2520000, 0x00000000a2540000, 0x00000000a2540000)
  to   space 128K,   0% used [0x00000000a2500000, 0x00000000a2500000, 0x00000000a2520000)
 tenured generation   total 129792K, used 16850K [0x00000000c1800000, 0x00000000c96c0000, 0x0000000100000000)
   the space 129792K,  12% used [0x00000000c1800000, 0x00000000c2874938, 0x00000000c2874a00, 0x00000000c96c0000)
 Metaspace       used 9399K, capacity 9602K, committed 9856K, reserved 1058816K
  class space    used 1034K, capacity 1090K, committed 1152K, reserved 1048576K
}
Event: 1.342 GC heap before
{Heap before GC invocations=51 (full 0):
 def new generation   total 1152K, used 1152K [0x00000000a2400000, 0x00000000a2540000, 0x00000000c1800000)
  eden space 1024K, 100% used [0x00000000a2400000, 0x00000000a2500000, 0x00000000a2500000)
  from space 128K, 100% used [0x00000000a2520000, 0x00000000a2540000, 0x00000000a2540000)
  to   space 128K,   0% used [0x00000000a2500000, 0x00000000a2500000, 0x00000000a2520000)
 tenured generation   total 129792K, used 16850K [0x00000000c1800000, 0x00000000c96c0000, 0x0000000100000000)
   the space 129792K,  12% used [0x00000000c1800000, 0x00000000c2874938, 0x00000000c2874a00, 0x00000000c96c0000)
 Metaspace       used 9443K, capacity 9666K, committed 9856K, reserved 1058816K
  class space    used 1037K, capacity 1090K, committed 1152K, reserved 1048576K
Event: 1.343 GC heap after
Heap after GC invocations=52 (full 0):
 def new generation   total 1152K, used 117K [0x00000000a2400000, 0x00000000a2540000, 0x00000000c1800000)
  eden space 1024K,   0% used [0x00000000a2400000, 0x00000000a2400000, 0x00000000a2500000)
  from space 128K,  92% used [0x00000000a2500000, 0x00000000a251d7c0, 0x00000000a2520000)
  to   space 128K,   0% used [0x00000000a2520000, 0x00000000a2520000, 0x00000000a2540000)
 tenured generation   total 129792K, used 16962K [0x00000000c1800000, 0x00000000c96c0000, 0x0000000100000000)
   the space 129792K,  13% used [0x00000000c1800000, 0x00000000c2890960, 0x00000000c2890a00, 0x00000000c96c0000)
 Metaspace       used 9443K, capacity 9666K, committed 9856K, reserved 1058816K
  class space    used 1037K, capacity 1090K, committed 1152K, reserved 1048576K
}

