# JRE version: Java(TM) SE Runtime Environment (8.0_05-b13) (build 1.8.0_05-b13)
# Java VM: Java HotSpot(TM) 64-Bit Server VM (25.5-b02 mixed mode windows-amd64 compressed oops)
Heap:
 def new generation   total 1152K, used 557K [0x00000000a2400000, 0x00000000a2540000, 0x00000000c1800000)
  eden space 1024K,  45% used [0x00000000a2400000, 0x00000000a2473708, 0x00000000a2500000)
  from space 128K,  74% used [0x00000000a2500000, 0x00000000a2517f90, 0x00000000a2520000)
  to   space 128K,   0% used [0x00000000a2520000, 0x00000000a2520000, 0x00000000a2540000)
 tenured generation   total 129792K, used 50601K [0x00000000c1800000, 0x00000000c96c0000, 0x0000000100000000)
   the space 129792K,  38% used [0x00000000c1800000, 0x00000000c496a588, 0x00000000c496a600, 0x00000000c96c0000)
 Metaspace       used 13707K, capacity 14000K, committed 14208K, reserved 1062912K
  class space    used 1550K, capacity 1654K, committed 1664K, reserved 1048576K
GC Heap History (10 events):
Event: 5.357 GC heap before
{Heap before GC invocations=569 (full 0):
 def new generation   total 1152K, used 1151K [0x00000000a2400000, 0x00000000a2540000, 0x00000000c1800000)
  eden space 1024K, 100% used [0x00000000a2400000, 0x00000000a2500000, 0x00000000a2500000)
  from space 128K,  99% used [0x00000000a2520000, 0x00000000a253fff8, 0x00000000a2540000)
  to   space 128K,   0% used [0x00000000a2500000, 0x00000000a2500000, 0x00000000a2520000)
 tenured generation   total 129792K, used 50302K [0x00000000c1800000, 0x00000000c96c0000, 0x0000000100000000)
   the space 129792K,  38% used [0x00000000c1800000, 0x00000000c491f888, 0x00000000c491fa00, 0x00000000c96c0000)
 Metaspace       used 13451K, capacity 13742K, committed 13952K, reserved 1060864K
  class space    used 1525K, capacity 1588K, committed 1664K, reserved 1048576K
Event: 5.358 GC heap after
Heap after GC invocations=570 (full 0):
 def new generation   total 1152K, used 62K [0x00000000a2400000, 0x00000000a2540000, 0x00000000c1800000)
  eden space 1024K,   0% used [0x00000000a2400000, 0x00000000a2400000, 0x00000000a2500000)
  from space 128K,  48% used [0x00000000a2500000, 0x00000000a250f9c8, 0x00000000a2520000)
  to   space 128K,   0% used [0x00000000a2520000, 0x00000000a2520000, 0x00000000a2540000)
 tenured generation   total 129792K, used 50387K [0x00000000c1800000, 0x00000000c96c0000, 0x0000000100000000)
   the space 129792K,  38% used [0x00000000c1800000, 0x00000000c4934c80, 0x00000000c4934e00, 0x00000000c96c0000)
 Metaspace       used 13451K, capacity 13742K, committed 13952K, reserved 1060864K
  class space    used 1525K, capacity 1588K, committed 1664K, reserved 1048576K
}
Event: 5.363 GC heap before
{Heap before GC invocations=570 (full 0):
 def new generation   total 1152K, used 1086K [0x00000000a2400000, 0x00000000a2540000, 0x00000000c1800000)
  eden space 1024K, 100% used [0x00000000a2400000, 0x00000000a2500000, 0x00000000a2500000)
  from space 128K,  48% used [0x00000000a2500000, 0x00000000a250f9c8, 0x00000000a2520000)
  to   space 128K,   0% used [0x00000000a2520000, 0x00000000a2520000, 0x00000000a2540000)
 tenured generation   total 129792K, used 50387K [0x00000000c1800000, 0x00000000c96c0000, 0x0000000100000000)
   the space 129792K,  38% used [0x00000000c1800000, 0x00000000c4934c80, 0x00000000c4934e00, 0x00000000c96c0000)
 Metaspace       used 13451K, capacity 13742K, committed 13952K, reserved 1060864K
  class space    used 1525K, capacity 1588K, committed 1664K, reserved 1048576K
Event: 5.364 GC heap after
Heap after GC invocations=571 (full 0):
 def new generation   total 1152K, used 127K [0x00000000a2400000, 0x00000000a2540000, 0x00000000c1800000)
  eden space 1024K,   0% used [0x00000000a2400000, 0x00000000a2400000, 0x00000000a2500000)
  from space 128K,  99% used [0x00000000a2520000, 0x00000000a253fff8, 0x00000000a2540000)
  to   space 128K,   0% used [0x00000000a2500000, 0x00000000a2500000, 0x00000000a2520000)
 tenured generation   total 129792K, used 50411K [0x00000000c1800000, 0x00000000c96c0000, 0x0000000100000000)
   the space 129792K,  38% used [0x00000000c1800000, 0x00000000c493ae20, 0x00000000c493b000, 0x00000000c96c0000)
 Metaspace       used 13451K, capacity 13742K, committed 13952K, reserved 1060864K
  class space    used 1525K, capacity 1588K, committed 1664K, reserved 1048576K
}
Event: 5.369 GC heap before
{Heap before GC invocations=571 (full 0):
 def new generation   total 1152K, used 1151K [0x00000000a2400000, 0x00000000a2540000, 0x00000000c1800000)
  eden space 1024K, 100% used [0x00000000a2400000, 0x00000000a2500000, 0x00000000a2500000)
  from space 128K,  99% used [0x00000000a2520000, 0x00000000a253fff8, 0x00000000a2540000)
  to   space 128K,   0% used [0x00000000a2500000, 0x00000000a2500000, 0x00000000a2520000)
 tenured generation   total 129792K, used 50411K [0x00000000c1800000, 0x00000000c96c0000, 0x0000000100000000)
   the space 129792K,  38% used [0x00000000c1800000, 0x00000000c493ae20, 0x00000000c493b000, 0x00000000c96c0000)
 Metaspace       used 13451K, capacity 13742K, committed 13952K, reserved 1060864K
  class space    used 1525K, capacity 1588K, committed 1664K, reserved 1048576K
Event: 5.370 GC heap after
Heap after GC invocations=572 (full 0):
 def new generation   total 1152K, used 118K [0x00000000a2400000, 0x00000000a2540000, 0x00000000c1800000)
  eden space 1024K,   0% used [0x00000000a2400000, 0x00000000a2400000, 0x00000000a2500000)
  from space 128K,  92% used [0x00000000a2500000, 0x00000000a251d8e0, 0x00000000a2520000)
  to   space 128K,   0% used [0x00000000a2520000, 0x00000000a2520000, 0x00000000a2540000)
 tenured generation   total 129792K, used 50495K [0x00000000c1800000, 0x00000000c96c0000, 0x0000000100000000)
   the space 129792K,  38% used [0x00000000c1800000, 0x00000000c494fea8, 0x00000000c4950000, 0x00000000c96c0000)
 Metaspace       used 13451K, capacity 13742K, committed 13952K, reserved 1060864K
  class space    used 1525K, capacity 1588K, committed 1664K, reserved 1048576K
}
Event: 5.374 GC heap before
{Heap before GC invocations=572 (full 0):
 def new generation   total 1152K, used 1142K [0x00000000a2400000, 0x00000000a2540000, 0x00000000c1800000)
  eden space 1024K, 100% used [0x00000000a2400000, 0x00000000a2500000, 0x00000000a2500000)
  from space 128K,  92% used [0x00000000a2500000, 0x00000000a251d8e0, 0x00000000a2520000)
  to   space 128K,   0% used [0x00000000a2520000, 0x00000000a2520000, 0x00000000a2540000)
 tenured generation   total 129792K, used 50495K [0x00000000c1800000, 0x00000000c96c0000, 0x0000000100000000)
   the space 129792K,  38% used [0x00000000c1800000, 0x00000000c494fea8, 0x00000000c4950000, 0x00000000c96c0000)
 Metaspace       used 13451K, capacity 13742K, committed 13952K, reserved 1060864K
  class space    used 1525K, capacity 1588K, committed 1664K, reserved 1048576K
Event: 5.375 GC heap after
Heap after GC invocations=573 (full 0):
 def new generation   total 1152K, used 75K [0x00000000a2400000, 0x00000000a2540000, 0x00000000c1800000)
  eden space 1024K,   0% used [0x00000000a2400000, 0x00000000a2400000, 0x00000000a2500000)
  from space 128K,  58% used [0x00000000a2520000, 0x00000000a2532cf0, 0x00000000a2540000)
  to   space 128K,   0% used [0x00000000a2500000, 0x00000000a2500000, 0x00000000a2520000)
 tenured generation   total 129792K, used 50561K [0x00000000c1800000, 0x00000000c96c0000, 0x0000000100000000)
   the space 129792K,  38% used [0x00000000c1800000, 0x00000000c49607e8, 0x00000000c4960800, 0x00000000c96c0000)
 Metaspace       used 13451K, capacity 13742K, committed 13952K, reserved 1060864K
  class space    used 1525K, capacity 1588K, committed 1664K, reserved 1048576K
}
Event: 5.388 GC heap before
{Heap before GC invocations=573 (full 0):
 def new generation   total 1152K, used 1099K [0x00000000a2400000, 0x00000000a2540000, 0x00000000c1800000)
  eden space 1024K, 100% used [0x00000000a2400000, 0x00000000a2500000, 0x00000000a2500000)
  from space 128K,  58% used [0x00000000a2520000, 0x00000000a2532cf0, 0x00000000a2540000)
  to   space 128K,   0% used [0x00000000a2500000, 0x00000000a2500000, 0x00000000a2520000)
 tenured generation   total 129792K, used 50561K [0x00000000c1800000, 0x00000000c96c0000, 0x0000000100000000)
   the space 129792K,  38% used [0x00000000c1800000, 0x00000000c49607e8, 0x00000000c4960800, 0x00000000c96c0000)
 Metaspace       used 13630K, capacity 13904K, committed 13952K, reserved 1060864K
  class space    used 1542K, capacity 1622K, committed 1664K, reserved 1048576K
Event: 5.389 GC heap after
Heap after GC invocations=574 (full 0):
 def new generation   total 1152K, used 95K [0x00000000a2400000, 0x00000000a2540000, 0x00000000c1800000)
  eden space 1024K,   0% used [0x00000000a2400000, 0x00000000a2400000, 0x00000000a2500000)
  from space 128K,  74% used [0x00000000a2500000, 0x00000000a2517f90, 0x00000000a2520000)
  to   space 128K,   0% used [0x00000000a2520000, 0x00000000a2520000, 0x00000000a2540000)
 tenured generation   total 129792K, used 50601K [0x00000000c1800000, 0x00000000c96c0000, 0x0000000100000000)
   the space 129792K,  38% used [0x00000000c1800000, 0x00000000c496a588, 0x00000000c496a600, 0x00000000c96c0000)
 Metaspace       used 13630K, capacity 13904K, committed 13952K, reserved 1060864K
  class space    used 1542K, capacity 1622K, committed 1664K, reserved 1048576K
}

