# JRE version: Java(TM) SE Runtime Environment (8.0_05-b13) (build 1.8.0_05-b13)
# Java VM: Java HotSpot(TM) 64-Bit Server VM (25.5-b02 mixed mode windows-amd64 compressed oops)
Heap:
 def new generation   total 1152K, used 1031K [0x00000000a2400000, 0x00000000a2540000, 0x00000000c1800000)
  eden space 1024K,  88% used [0x00000000a2400000, 0x00000000a24e1ef8, 0x00000000a2500000)
  from space 128K,  99% used [0x00000000a2500000, 0x00000000a251fff8, 0x00000000a2520000)
  to   space 128K,   0% used [0x00000000a2520000, 0x00000000a2520000, 0x00000000a2540000)
 tenured generation   total 129792K, used 23630K [0x00000000c1800000, 0x00000000c96c0000, 0x0000000100000000)
   the space 129792K,  18% used [0x00000000c1800000, 0x00000000c2f13a08, 0x00000000c2f13c00, 0x00000000c96c0000)
 Metaspace       used 12714K, capacity 12952K, committed 13184K, reserved 1060864K
  class space    used 1499K, capacity 1563K, committed 1664K, reserved 1048576K
GC Heap History (10 events):
Event: 2.127 GC heap before
{Heap before GC invocations=116 (full 0):
 def new generation   total 1152K, used 1140K [0x00000000a2400000, 0x00000000a2540000, 0x00000000c1800000)
  eden space 1024K, 100% used [0x00000000a2400000, 0x00000000a2500000, 0x00000000a2500000)
  from space 128K,  90% used [0x00000000a2500000, 0x00000000a251d038, 0x00000000a2520000)
  to   space 128K,   0% used [0x00000000a2520000, 0x00000000a2520000, 0x00000000a2540000)
 tenured generation   total 129792K, used 23281K [0x00000000c1800000, 0x00000000c96c0000, 0x0000000100000000)
   the space 129792K,  17% used [0x00000000c1800000, 0x00000000c2ebc7b8, 0x00000000c2ebc800, 0x00000000c96c0000)
 Metaspace       used 12503K, capacity 12788K, committed 12928K, reserved 1060864K
  class space    used 1475K, capacity 1557K, committed 1664K, reserved 1048576K
Event: 2.128 GC heap after
Heap after GC invocations=117 (full 0):
 def new generation   total 1152K, used 70K [0x00000000a2400000, 0x00000000a2540000, 0x00000000c1800000)
  eden space 1024K,   0% used [0x00000000a2400000, 0x00000000a2400000, 0x00000000a2500000)
  from space 128K,  55% used [0x00000000a2520000, 0x00000000a2531be0, 0x00000000a2540000)
  to   space 128K,   0% used [0x00000000a2500000, 0x00000000a2500000, 0x00000000a2520000)
 tenured generation   total 129792K, used 23348K [0x00000000c1800000, 0x00000000c96c0000, 0x0000000100000000)
   the space 129792K,  17% used [0x00000000c1800000, 0x00000000c2ecd0b8, 0x00000000c2ecd200, 0x00000000c96c0000)
 Metaspace       used 12503K, capacity 12788K, committed 12928K, reserved 1060864K
  class space    used 1475K, capacity 1557K, committed 1664K, reserved 1048576K
}
Event: 2.139 GC heap before
{Heap before GC invocations=117 (full 0):
 def new generation   total 1152K, used 1092K [0x00000000a2400000, 0x00000000a2540000, 0x00000000c1800000)
  eden space 1024K,  99% used [0x00000000a2400000, 0x00000000a24ff7f8, 0x00000000a2500000)
  from space 128K,  55% used [0x00000000a2520000, 0x00000000a2531be0, 0x00000000a2540000)
  to   space 128K,   0% used [0x00000000a2500000, 0x00000000a2500000, 0x00000000a2520000)
 tenured generation   total 129792K, used 23348K [0x00000000c1800000, 0x00000000c96c0000, 0x0000000100000000)
   the space 129792K,  17% used [0x00000000c1800000, 0x00000000c2ecd0b8, 0x00000000c2ecd200, 0x00000000c96c0000)
 Metaspace       used 12608K, capacity 12858K, committed 13184K, reserved 1060864K
  class space    used 1491K, capacity 1558K, committed 1664K, reserved 1048576K
Event: 2.140 GC heap after
Heap after GC invocations=118 (full 0):
 def new generation   total 1152K, used 127K [0x00000000a2400000, 0x00000000a2540000, 0x00000000c1800000)
  eden space 1024K,   0% used [0x00000000a2400000, 0x00000000a2400000, 0x00000000a2500000)
  from space 128K,  99% used [0x00000000a2500000, 0x00000000a251fff8, 0x00000000a2520000)
  to   space 128K,   0% used [0x00000000a2520000, 0x00000000a2520000, 0x00000000a2540000)
 tenured generation   total 129792K, used 23419K [0x00000000c1800000, 0x00000000c96c0000, 0x0000000100000000)
   the space 129792K,  18% used [0x00000000c1800000, 0x00000000c2edefc8, 0x00000000c2edf000, 0x00000000c96c0000)
 Metaspace       used 12608K, capacity 12858K, committed 13184K, reserved 1060864K
  class space    used 1491K, capacity 1558K, committed 1664K, reserved 1048576K
}
Event: 2.152 GC heap before
{Heap before GC invocations=118 (full 0):
 def new generation   total 1152K, used 1151K [0x00000000a2400000, 0x00000000a2540000, 0x00000000c1800000)
  eden space 1024K, 100% used [0x00000000a2400000, 0x00000000a2500000, 0x00000000a2500000)
  from space 128K,  99% used [0x00000000a2500000, 0x00000000a251fff8, 0x00000000a2520000)
  to   space 128K,   0% used [0x00000000a2520000, 0x00000000a2520000, 0x00000000a2540000)
 tenured generation   total 129792K, used 23419K [0x00000000c1800000, 0x00000000c96c0000, 0x0000000100000000)
   the space 129792K,  18% used [0x00000000c1800000, 0x00000000c2edefc8, 0x00000000c2edf000, 0x00000000c96c0000)
 Metaspace       used 12653K, capacity 12922K, committed 13184K, reserved 1060864K
  class space    used 1496K, capacity 1558K, committed 1664K, reserved 1048576K
Event: 2.153 GC heap after
Heap after GC invocations=119 (full 0):
 def new generation   total 1152K, used 127K [0x00000000a2400000, 0x00000000a2540000, 0x00000000c1800000)
  eden space 1024K,   0% used [0x00000000a2400000, 0x00000000a2400000, 0x00000000a2500000)
  from space 128K,  99% used [0x00000000a2520000, 0x00000000a253fe88, 0x00000000a2540000)
  to   space 128K,   0% used [0x00000000a2500000, 0x00000000a2500000, 0x00000000a2520000)
 tenured generation   total 129792K, used 23456K [0x00000000c1800000, 0x00000000c96c0000, 0x0000000100000000)
   the space 129792K,  18% used [0x00000000c1800000, 0x00000000c2ee82d0, 0x00000000c2ee8400, 0x00000000c96c0000)
 Metaspace       used 12653K, capacity 12922K, committed 13184K, reserved 1060864K
  class space    used 1496K, capacity 1558K, committed 1664K, reserved 1048576K
}
Event: 2.160 GC heap before
{Heap before GC invocations=119 (full 0):
 def new generation   total 1152K, used 1151K [0x00000000a2400000, 0x00000000a2540000, 0x00000000c1800000)
  eden space 1024K, 100% used [0x00000000a2400000, 0x00000000a2500000, 0x00000000a2500000)
  from space 128K,  99% used [0x00000000a2520000, 0x00000000a253fe88, 0x00000000a2540000)
  to   space 128K,   0% used [0x00000000a2500000, 0x00000000a2500000, 0x00000000a2520000)
 tenured generation   total 129792K, used 23456K [0x00000000c1800000, 0x00000000c96c0000, 0x0000000100000000)
   the space 129792K,  18% used [0x00000000c1800000, 0x00000000c2ee82d0, 0x00000000c2ee8400, 0x00000000c96c0000)
 Metaspace       used 12657K, capacity 12922K, committed 13184K, reserved 1060864K
  class space    used 1496K, capacity 1558K, committed 1664K, reserved 1048576K
Event: 2.161 GC heap after
Heap after GC invocations=120 (full 0):
 def new generation   total 1152K, used 100K [0x00000000a2400000, 0x00000000a2540000, 0x00000000c1800000)
  eden space 1024K,   0% used [0x00000000a2400000, 0x00000000a2400000, 0x00000000a2500000)
  from space 128K,  78% used [0x00000000a2500000, 0x00000000a2519290, 0x00000000a2520000)
  to   space 128K,   0% used [0x00000000a2520000, 0x00000000a2520000, 0x00000000a2540000)
 tenured generation   total 129792K, used 23521K [0x00000000c1800000, 0x00000000c96c0000, 0x0000000100000000)
   the space 129792K,  18% used [0x00000000c1800000, 0x00000000c2ef8590, 0x00000000c2ef8600, 0x00000000c96c0000)
 Metaspace       used 12657K, capacity 12922K, committed 13184K, reserved 1060864K
  class space    used 1496K, capacity 1558K, committed 1664K, reserved 1048576K
}
Event: 2.174 GC heap before
{Heap before GC invocations=120 (full 0):
 def new generation   total 1152K, used 1124K [0x00000000a2400000, 0x00000000a2540000, 0x00000000c1800000)
  eden space 1024K, 100% used [0x00000000a2400000, 0x00000000a2500000, 0x00000000a2500000)
  from space 128K,  78% used [0x00000000a2500000, 0x00000000a2519290, 0x00000000a2520000)
  to   space 128K,   0% used [0x00000000a2520000, 0x00000000a2520000, 0x00000000a2540000)
 tenured generation   total 129792K, used 23521K [0x00000000c1800000, 0x00000000c96c0000, 0x0000000100000000)
   the space 129792K,  18% used [0x00000000c1800000, 0x00000000c2ef8590, 0x00000000c2ef8600, 0x00000000c96c0000)
 Metaspace       used 12687K, capacity 12946K, committed 13184K, reserved 1060864K
  class space    used 1498K, capacity 1562K, committed 1664K, reserved 1048576K
Event: 2.175 GC heap after
Heap after GC invocations=121 (full 0):
 def new generation   total 1152K, used 87K [0x00000000a2400000, 0x00000000a2540000, 0x00000000c1800000)
  eden space 1024K,   0% used [0x00000000a2400000, 0x00000000a2400000, 0x00000000a2500000)
  from space 128K,  68% used [0x00000000a2520000, 0x00000000a2535d58, 0x00000000a2540000)
  to   space 128K,   0% used [0x00000000a2500000, 0x00000000a2500000, 0x00000000a2520000)
 tenured generation   total 129792K, used 23566K [0x00000000c1800000, 0x00000000c96c0000, 0x0000000100000000)
   the space 129792K,  18% used [0x00000000c1800000, 0x00000000c2f03bf0, 0x00000000c2f03c00, 0x00000000c96c0000)
 Metaspace       used 12687K, capacity 12946K, committed 13184K, reserved 1060864K
  class space    used 1498K, capacity 1562K, committed 1664K, reserved 1048576K
}

