# JRE version: Java(TM) SE Runtime Environment (8.0_05-b13) (build 1.8.0_05-b13)
# Java VM: Java HotSpot(TM) 64-Bit Server VM (25.5-b02 mixed mode windows-amd64 compressed oops)
Heap:
 def new generation   total 1152K, used 608K [0x00000000a2400000, 0x00000000a2540000, 0x00000000c1800000)
  eden space 1024K,  56% used [0x00000000a2400000, 0x00000000a248f940, 0x00000000a2500000)
  from space 128K,  26% used [0x00000000a2520000, 0x00000000a2528a10, 0x00000000a2540000)
  to   space 128K,   0% used [0x00000000a2500000, 0x00000000a2500000, 0x00000000a2520000)
 tenured generation   total 129792K, used 63511K [0x00000000c1800000, 0x00000000c96c0000, 0x0000000100000000)
   the space 129792K,  48% used [0x00000000c1800000, 0x00000000c5605d48, 0x00000000c5605e00, 0x00000000c96c0000)
 Metaspace       used 19497K, capacity 20038K, committed 20352K, reserved 1067008K
  class space    used 2240K, capacity 2367K, committed 2432K, reserved 1048576K
GC Heap History (10 events):
Event: 23.788 GC heap before
{Heap before GC invocations=964 (full 0):
 def new generation   total 1152K, used 1116K [0x00000000a2400000, 0x00000000a2540000, 0x00000000c1800000)
  eden space 1024K, 100% used [0x00000000a2400000, 0x00000000a2500000, 0x00000000a2500000)
  from space 128K,  72% used [0x00000000a2500000, 0x00000000a2517130, 0x00000000a2520000)
  to   space 128K,   0% used [0x00000000a2520000, 0x00000000a2520000, 0x00000000a2540000)
 tenured generation   total 129792K, used 63096K [0x00000000c1800000, 0x00000000c96c0000, 0x0000000100000000)
   the space 129792K,  48% used [0x00000000c1800000, 0x00000000c559e150, 0x00000000c559e200, 0x00000000c96c0000)
 Metaspace       used 19196K, capacity 19750K, committed 20096K, reserved 1067008K
  class space    used 2210K, capacity 2335K, committed 2432K, reserved 1048576K
Event: 23.790 GC heap after
Heap after GC invocations=965 (full 0):
 def new generation   total 1152K, used 67K [0x00000000a2400000, 0x00000000a2540000, 0x00000000c1800000)
  eden space 1024K,   0% used [0x00000000a2400000, 0x00000000a2400000, 0x00000000a2500000)
  from space 128K,  53% used [0x00000000a2520000, 0x00000000a2530fb8, 0x00000000a2540000)
  to   space 128K,   0% used [0x00000000a2500000, 0x00000000a2500000, 0x00000000a2520000)
 tenured generation   total 129792K, used 63147K [0x00000000c1800000, 0x00000000c96c0000, 0x0000000100000000)
   the space 129792K,  48% used [0x00000000c1800000, 0x00000000c55aaef0, 0x00000000c55ab000, 0x00000000c96c0000)
 Metaspace       used 19196K, capacity 19750K, committed 20096K, reserved 1067008K
  class space    used 2210K, capacity 2335K, committed 2432K, reserved 1048576K
}
Event: 23.797 GC heap before
{Heap before GC invocations=965 (full 0):
 def new generation   total 1152K, used 1091K [0x00000000a2400000, 0x00000000a2540000, 0x00000000c1800000)
  eden space 1024K, 100% used [0x00000000a2400000, 0x00000000a2500000, 0x00000000a2500000)
  from space 128K,  53% used [0x00000000a2520000, 0x00000000a2530fb8, 0x00000000a2540000)
  to   space 128K,   0% used [0x00000000a2500000, 0x00000000a2500000, 0x00000000a2520000)
 tenured generation   total 129792K, used 63147K [0x00000000c1800000, 0x00000000c96c0000, 0x0000000100000000)
   the space 129792K,  48% used [0x00000000c1800000, 0x00000000c55aaef0, 0x00000000c55ab000, 0x00000000c96c0000)
 Metaspace       used 19198K, capacity 19750K, committed 20096K, reserved 1067008K
  class space    used 2210K, capacity 2335K, committed 2432K, reserved 1048576K
Event: 23.798 GC heap after
Heap after GC invocations=966 (full 0):
 def new generation   total 1152K, used 57K [0x00000000a2400000, 0x00000000a2540000, 0x00000000c1800000)
  eden space 1024K,   0% used [0x00000000a2400000, 0x00000000a2400000, 0x00000000a2500000)
  from space 128K,  45% used [0x00000000a2500000, 0x00000000a250e688, 0x00000000a2520000)
  to   space 128K,   0% used [0x00000000a2520000, 0x00000000a2520000, 0x00000000a2540000)
 tenured generation   total 129792K, used 63176K [0x00000000c1800000, 0x00000000c96c0000, 0x0000000100000000)
   the space 129792K,  48% used [0x00000000c1800000, 0x00000000c55b2300, 0x00000000c55b2400, 0x00000000c96c0000)
 Metaspace       used 19198K, capacity 19750K, committed 20096K, reserved 1067008K
  class space    used 2210K, capacity 2335K, committed 2432K, reserved 1048576K
}
Event: 23.808 GC heap before
{Heap before GC invocations=966 (full 0):
 def new generation   total 1152K, used 1072K [0x00000000a2400000, 0x00000000a2540000, 0x00000000c1800000)
  eden space 1024K,  99% used [0x00000000a2400000, 0x00000000a24fdb08, 0x00000000a2500000)
  from space 128K,  45% used [0x00000000a2500000, 0x00000000a250e688, 0x00000000a2520000)
  to   space 128K,   0% used [0x00000000a2520000, 0x00000000a2520000, 0x00000000a2540000)
 tenured generation   total 129792K, used 63176K [0x00000000c1800000, 0x00000000c96c0000, 0x0000000100000000)
   the space 129792K,  48% used [0x00000000c1800000, 0x00000000c55b2300, 0x00000000c55b2400, 0x00000000c96c0000)
 Metaspace       used 19268K, capacity 19814K, committed 20096K, reserved 1067008K
  class space    used 2215K, capacity 2335K, committed 2432K, reserved 1048576K
Event: 23.809 GC heap after
Heap after GC invocations=967 (full 0):
 def new generation   total 1152K, used 117K [0x00000000a2400000, 0x00000000a2540000, 0x00000000c1800000)
  eden space 1024K,   0% used [0x00000000a2400000, 0x00000000a2400000, 0x00000000a2500000)
  from space 128K,  91% used [0x00000000a2520000, 0x00000000a253d598, 0x00000000a2540000)
  to   space 128K,   0% used [0x00000000a2500000, 0x00000000a2500000, 0x00000000a2520000)
 tenured generation   total 129792K, used 63241K [0x00000000c1800000, 0x00000000c96c0000, 0x0000000100000000)
   the space 129792K,  48% used [0x00000000c1800000, 0x00000000c55c2528, 0x00000000c55c2600, 0x00000000c96c0000)
 Metaspace       used 19268K, capacity 19814K, committed 20096K, reserved 1067008K
  class space    used 2215K, capacity 2335K, committed 2432K, reserved 1048576K
}
Event: 23.821 GC heap before
{Heap before GC invocations=967 (full 0):
 def new generation   total 1152K, used 1141K [0x00000000a2400000, 0x00000000a2540000, 0x00000000c1800000)
  eden space 1024K, 100% used [0x00000000a2400000, 0x00000000a2500000, 0x00000000a2500000)
  from space 128K,  91% used [0x00000000a2520000, 0x00000000a253d598, 0x00000000a2540000)
  to   space 128K,   0% used [0x00000000a2500000, 0x00000000a2500000, 0x00000000a2520000)
 tenured generation   total 129792K, used 63241K [0x00000000c1800000, 0x00000000c96c0000, 0x0000000100000000)
   the space 129792K,  48% used [0x00000000c1800000, 0x00000000c55c2528, 0x00000000c55c2600, 0x00000000c96c0000)
 Metaspace       used 19442K, capacity 20038K, committed 20352K, reserved 1067008K
  class space    used 2232K, capacity 2367K, committed 2432K, reserved 1048576K
Event: 23.823 GC heap after
Heap after GC invocations=968 (full 0):
 def new generation   total 1152K, used 127K [0x00000000a2400000, 0x00000000a2540000, 0x00000000c1800000)
  eden space 1024K,   0% used [0x00000000a2400000, 0x00000000a2400000, 0x00000000a2500000)
  from space 128K,  99% used [0x00000000a2500000, 0x00000000a251fff8, 0x00000000a2520000)
  to   space 128K,   0% used [0x00000000a2520000, 0x00000000a2520000, 0x00000000a2540000)
 tenured generation   total 129792K, used 63420K [0x00000000c1800000, 0x00000000c96c0000, 0x0000000100000000)
   the space 129792K,  48% used [0x00000000c1800000, 0x00000000c55ef268, 0x00000000c55ef400, 0x00000000c96c0000)
 Metaspace       used 19442K, capacity 20038K, committed 20352K, reserved 1067008K
  class space    used 2232K, capacity 2367K, committed 2432K, reserved 1048576K
}
Event: 23.827 GC heap before
{Heap before GC invocations=968 (full 0):
 def new generation   total 1152K, used 1151K [0x00000000a2400000, 0x00000000a2540000, 0x00000000c1800000)
  eden space 1024K, 100% used [0x00000000a2400000, 0x00000000a2500000, 0x00000000a2500000)
  from space 128K,  99% used [0x00000000a2500000, 0x00000000a251fff8, 0x00000000a2520000)
  to   space 128K,   0% used [0x00000000a2520000, 0x00000000a2520000, 0x00000000a2540000)
 tenured generation   total 129792K, used 63420K [0x00000000c1800000, 0x00000000c96c0000, 0x0000000100000000)
   the space 129792K,  48% used [0x00000000c1800000, 0x00000000c55ef268, 0x00000000c55ef400, 0x00000000c96c0000)
 Metaspace       used 19471K, capacity 20038K, committed 20352K, reserved 1067008K
  class space    used 2235K, capacity 2367K, committed 2432K, reserved 1048576K
Event: 23.828 GC heap after
Heap after GC invocations=969 (full 0):
 def new generation   total 1152K, used 34K [0x00000000a2400000, 0x00000000a2540000, 0x00000000c1800000)
  eden space 1024K,   0% used [0x00000000a2400000, 0x00000000a2400000, 0x00000000a2500000)
  from space 128K,  26% used [0x00000000a2520000, 0x00000000a2528a10, 0x00000000a2540000)
  to   space 128K,   0% used [0x00000000a2500000, 0x00000000a2500000, 0x00000000a2520000)
 tenured generation   total 129792K, used 63511K [0x00000000c1800000, 0x00000000c96c0000, 0x0000000100000000)
   the space 129792K,  48% used [0x00000000c1800000, 0x00000000c5605d48, 0x00000000c5605e00, 0x00000000c96c0000)
 Metaspace       used 19471K, capacity 20038K, committed 20352K, reserved 1067008K
  class space    used 2235K, capacity 2367K, committed 2432K, reserved 1048576K
}

