# JRE version: Java(TM) SE Runtime Environment (8.0_05-b13) (build 1.8.0_05-b13)
# Java VM: Java HotSpot(TM) 64-Bit Server VM (25.5-b02 mixed mode windows-amd64 compressed oops)
Heap:
 def new generation   total 1152K, used 792K [0x00000000a2400000, 0x00000000a2540000, 0x00000000c1800000)
  eden space 1024K,  76% used [0x00000000a2400000, 0x00000000a24c2bf8, 0x00000000a2500000)
  from space 128K,  10% used [0x00000000a2520000, 0x00000000a2523598, 0x00000000a2540000)
  to   space 128K,   0% used [0x00000000a2500000, 0x00000000a2500000, 0x00000000a2520000)
 tenured generation   total 129792K, used 58441K [0x00000000c1800000, 0x00000000c96c0000, 0x0000000100000000)
   the space 129792K,  45% used [0x00000000c1800000, 0x00000000c5112420, 0x00000000c5112600, 0x00000000c96c0000)
 Metaspace       used 17575K, capacity 17966K, committed 18048K, reserved 1064960K
  class space    used 2040K, capacity 2155K, committed 2176K, reserved 1048576K
GC Heap History (10 events):
Event: 10.014 GC heap before
{Heap before GC invocations=852 (full 0):
 def new generation   total 1152K, used 1101K [0x00000000a2400000, 0x00000000a2540000, 0x00000000c1800000)
  eden space 1024K, 100% used [0x00000000a2400000, 0x00000000a2500000, 0x00000000a2500000)
  from space 128K,  60% used [0x00000000a2500000, 0x00000000a2513480, 0x00000000a2520000)
  to   space 128K,   0% used [0x00000000a2520000, 0x00000000a2520000, 0x00000000a2540000)
 tenured generation   total 129792K, used 58436K [0x00000000c1800000, 0x00000000c96c0000, 0x0000000100000000)
   the space 129792K,  45% used [0x00000000c1800000, 0x00000000c5111238, 0x00000000c5111400, 0x00000000c96c0000)
 Metaspace       used 17530K, capacity 17966K, committed 18048K, reserved 1064960K
  class space    used 2034K, capacity 2155K, committed 2176K, reserved 1048576K
Event: 10.015 GC heap after
Heap after GC invocations=853 (full 0):
 def new generation   total 1152K, used 67K [0x00000000a2400000, 0x00000000a2540000, 0x00000000c1800000)
  eden space 1024K,   0% used [0x00000000a2400000, 0x00000000a2400000, 0x00000000a2500000)
  from space 128K,  52% used [0x00000000a2520000, 0x00000000a2530f00, 0x00000000a2540000)
  to   space 128K,   0% used [0x00000000a2500000, 0x00000000a2500000, 0x00000000a2520000)
 tenured generation   total 129792K, used 58439K [0x00000000c1800000, 0x00000000c96c0000, 0x0000000100000000)
   the space 129792K,  45% used [0x00000000c1800000, 0x00000000c5111c88, 0x00000000c5111e00, 0x00000000c96c0000)
 Metaspace       used 17530K, capacity 17966K, committed 18048K, reserved 1064960K
  class space    used 2034K, capacity 2155K, committed 2176K, reserved 1048576K
}
Event: 10.020 GC heap before
{Heap before GC invocations=853 (full 0):
 def new generation   total 1152K, used 1091K [0x00000000a2400000, 0x00000000a2540000, 0x00000000c1800000)
  eden space 1024K, 100% used [0x00000000a2400000, 0x00000000a2500000, 0x00000000a2500000)
  from space 128K,  52% used [0x00000000a2520000, 0x00000000a2530f00, 0x00000000a2540000)
  to   space 128K,   0% used [0x00000000a2500000, 0x00000000a2500000, 0x00000000a2520000)
 tenured generation   total 129792K, used 58439K [0x00000000c1800000, 0x00000000c96c0000, 0x0000000100000000)
   the space 129792K,  45% used [0x00000000c1800000, 0x00000000c5111c88, 0x00000000c5111e00, 0x00000000c96c0000)
 Metaspace       used 17532K, capacity 17966K, committed 18048K, reserved 1064960K
  class space    used 2034K, capacity 2155K, committed 2176K, reserved 1048576K
Event: 10.021 GC heap after
Heap after GC invocations=854 (full 0):
 def new generation   total 1152K, used 74K [0x00000000a2400000, 0x00000000a2540000, 0x00000000c1800000)
  eden space 1024K,   0% used [0x00000000a2400000, 0x00000000a2400000, 0x00000000a2500000)
  from space 128K,  57% used [0x00000000a2500000, 0x00000000a2512840, 0x00000000a2520000)
  to   space 128K,   0% used [0x00000000a2520000, 0x00000000a2520000, 0x00000000a2540000)
 tenured generation   total 129792K, used 58440K [0x00000000c1800000, 0x00000000c96c0000, 0x0000000100000000)
   the space 129792K,  45% used [0x00000000c1800000, 0x00000000c51120e8, 0x00000000c5112200, 0x00000000c96c0000)
 Metaspace       used 17532K, capacity 17966K, committed 18048K, reserved 1064960K
  class space    used 2034K, capacity 2155K, committed 2176K, reserved 1048576K
}
Event: 10.024 GC heap before
{Heap before GC invocations=854 (full 0):
 def new generation   total 1152K, used 1098K [0x00000000a2400000, 0x00000000a2540000, 0x00000000c1800000)
  eden space 1024K, 100% used [0x00000000a2400000, 0x00000000a2500000, 0x00000000a2500000)
  from space 128K,  57% used [0x00000000a2500000, 0x00000000a2512840, 0x00000000a2520000)
  to   space 128K,   0% used [0x00000000a2520000, 0x00000000a2520000, 0x00000000a2540000)
 tenured generation   total 129792K, used 58440K [0x00000000c1800000, 0x00000000c96c0000, 0x0000000100000000)
   the space 129792K,  45% used [0x00000000c1800000, 0x00000000c51120e8, 0x00000000c5112200, 0x00000000c96c0000)
 Metaspace       used 17532K, capacity 17966K, committed 18048K, reserved 1064960K
  class space    used 2034K, capacity 2155K, committed 2176K, reserved 1048576K
Event: 10.025 GC heap after
Heap after GC invocations=855 (full 0):
 def new generation   total 1152K, used 43K [0x00000000a2400000, 0x00000000a2540000, 0x00000000c1800000)
  eden space 1024K,   0% used [0x00000000a2400000, 0x00000000a2400000, 0x00000000a2500000)
  from space 128K,  33% used [0x00000000a2520000, 0x00000000a252ada0, 0x00000000a2540000)
  to   space 128K,   0% used [0x00000000a2500000, 0x00000000a2500000, 0x00000000a2520000)
 tenured generation   total 129792K, used 58441K [0x00000000c1800000, 0x00000000c96c0000, 0x0000000100000000)
   the space 129792K,  45% used [0x00000000c1800000, 0x00000000c5112420, 0x00000000c5112600, 0x00000000c96c0000)
 Metaspace       used 17532K, capacity 17966K, committed 18048K, reserved 1064960K
  class space    used 2034K, capacity 2155K, committed 2176K, reserved 1048576K
}
Event: 10.034 GC heap before
{Heap before GC invocations=855 (full 0):
 def new generation   total 1152K, used 1067K [0x00000000a2400000, 0x00000000a2540000, 0x00000000c1800000)
  eden space 1024K, 100% used [0x00000000a2400000, 0x00000000a2500000, 0x00000000a2500000)
  from space 128K,  33% used [0x00000000a2520000, 0x00000000a252ada0, 0x00000000a2540000)
  to   space 128K,   0% used [0x00000000a2500000, 0x00000000a2500000, 0x00000000a2520000)
 tenured generation   total 129792K, used 58441K [0x00000000c1800000, 0x00000000c96c0000, 0x0000000100000000)
   the space 129792K,  45% used [0x00000000c1800000, 0x00000000c5112420, 0x00000000c5112600, 0x00000000c96c0000)
 Metaspace       used 17536K, capacity 17966K, committed 18048K, reserved 1064960K
  class space    used 2035K, capacity 2155K, committed 2176K, reserved 1048576K
Event: 10.035 GC heap after
Heap after GC invocations=856 (full 0):
 def new generation   total 1152K, used 18K [0x00000000a2400000, 0x00000000a2540000, 0x00000000c1800000)
  eden space 1024K,   0% used [0x00000000a2400000, 0x00000000a2400000, 0x00000000a2500000)
  from space 128K,  14% used [0x00000000a2500000, 0x00000000a2504b28, 0x00000000a2520000)
  to   space 128K,   0% used [0x00000000a2520000, 0x00000000a2520000, 0x00000000a2540000)
 tenured generation   total 129792K, used 58441K [0x00000000c1800000, 0x00000000c96c0000, 0x0000000100000000)
   the space 129792K,  45% used [0x00000000c1800000, 0x00000000c5112420, 0x00000000c5112600, 0x00000000c96c0000)
 Metaspace       used 17536K, capacity 17966K, committed 18048K, reserved 1064960K
  class space    used 2035K, capacity 2155K, committed 2176K, reserved 1048576K
}
Event: 10.039 GC heap before
{Heap before GC invocations=856 (full 0):
 def new generation   total 1152K, used 1042K [0x00000000a2400000, 0x00000000a2540000, 0x00000000c1800000)
  eden space 1024K, 100% used [0x00000000a2400000, 0x00000000a2500000, 0x00000000a2500000)
  from space 128K,  14% used [0x00000000a2500000, 0x00000000a2504b28, 0x00000000a2520000)
  to   space 128K,   0% used [0x00000000a2520000, 0x00000000a2520000, 0x00000000a2540000)
 tenured generation   total 129792K, used 58441K [0x00000000c1800000, 0x00000000c96c0000, 0x0000000100000000)
   the space 129792K,  45% used [0x00000000c1800000, 0x00000000c5112420, 0x00000000c5112600, 0x00000000c96c0000)
 Metaspace       used 17536K, capacity 17966K, committed 18048K, reserved 1064960K
  class space    used 2035K, capacity 2155K, committed 2176K, reserved 1048576K
Event: 10.040 GC heap after
Heap after GC invocations=857 (full 0):
 def new generation   total 1152K, used 13K [0x00000000a2400000, 0x00000000a2540000, 0x00000000c1800000)
  eden space 1024K,   0% used [0x00000000a2400000, 0x00000000a2400000, 0x00000000a2500000)
  from space 128K,  10% used [0x00000000a2520000, 0x00000000a2523598, 0x00000000a2540000)
  to   space 128K,   0% used [0x00000000a2500000, 0x00000000a2500000, 0x00000000a2520000)
 tenured generation   total 129792K, used 58441K [0x00000000c1800000, 0x00000000c96c0000, 0x0000000100000000)
   the space 129792K,  45% used [0x00000000c1800000, 0x00000000c5112420, 0x00000000c5112600, 0x00000000c96c0000)
 Metaspace       used 17536K, capacity 17966K, committed 18048K, reserved 1064960K
  class space    used 2035K, capacity 2155K, committed 2176K, reserved 1048576K
}

