# JRE version: Java(TM) SE Runtime Environment (8.0_05-b13) (build 1.8.0_05-b13)
# Java VM: Java HotSpot(TM) 64-Bit Server VM (25.5-b02 mixed mode windows-amd64 compressed oops)
Heap:
 def new generation   total 1152K, used 128K [0x00000000a2400000, 0x00000000a2540000, 0x00000000c1800000)
  eden space 1024K,   0% used [0x00000000a2400000, 0x00000000a24000d0, 0x00000000a2500000)
  from space 128K,  99% used [0x00000000a2500000, 0x00000000a251fff8, 0x00000000a2520000)
  to   space 128K,   0% used [0x00000000a2520000, 0x00000000a2520000, 0x00000000a2540000)
 tenured generation   total 129792K, used 28923K [0x00000000c1800000, 0x00000000c96c0000, 0x0000000100000000)
   the space 129792K,  22% used [0x00000000c1800000, 0x00000000c343ee28, 0x00000000c343f000, 0x00000000c96c0000)
 Metaspace       used 13094K, capacity 13410K, committed 13696K, reserved 1060864K
  class space    used 1513K, capacity 1586K, committed 1664K, reserved 1048576K
GC Heap History (10 events):
Event: 2.601 GC heap before
{Heap before GC invocations=185 (full 0):
 def new generation   total 1152K, used 1085K [0x00000000a2400000, 0x00000000a2540000, 0x00000000c1800000)
  eden space 1024K, 100% used [0x00000000a2400000, 0x00000000a2500000, 0x00000000a2500000)
  from space 128K,  48% used [0x00000000a2520000, 0x00000000a252f6a8, 0x00000000a2540000)
  to   space 128K,   0% used [0x00000000a2500000, 0x00000000a2500000, 0x00000000a2520000)
 tenured generation   total 129792K, used 27488K [0x00000000c1800000, 0x00000000c96c0000, 0x0000000100000000)
   the space 129792K,  21% used [0x00000000c1800000, 0x00000000c32d83d0, 0x00000000c32d8400, 0x00000000c96c0000)
 Metaspace       used 13065K, capacity 13410K, committed 13696K, reserved 1060864K
  class space    used 1512K, capacity 1586K, committed 1664K, reserved 1048576K
Event: 2.602 GC heap after
Heap after GC invocations=186 (full 0):
 def new generation   total 1152K, used 128K [0x00000000a2400000, 0x00000000a2540000, 0x00000000c1800000)
  eden space 1024K,   0% used [0x00000000a2400000, 0x00000000a2400000, 0x00000000a2500000)
  from space 128K, 100% used [0x00000000a2500000, 0x00000000a2520000, 0x00000000a2520000)
  to   space 128K,   0% used [0x00000000a2520000, 0x00000000a2520000, 0x00000000a2540000)
 tenured generation   total 129792K, used 27517K [0x00000000c1800000, 0x00000000c96c0000, 0x0000000100000000)
   the space 129792K,  21% used [0x00000000c1800000, 0x00000000c32df678, 0x00000000c32df800, 0x00000000c96c0000)
 Metaspace       used 13065K, capacity 13410K, committed 13696K, reserved 1060864K
  class space    used 1512K, capacity 1586K, committed 1664K, reserved 1048576K
}
Event: 2.608 GC heap before
{Heap before GC invocations=186 (full 0):
 def new generation   total 1152K, used 1152K [0x00000000a2400000, 0x00000000a2540000, 0x00000000c1800000)
  eden space 1024K, 100% used [0x00000000a2400000, 0x00000000a2500000, 0x00000000a2500000)
  from space 128K, 100% used [0x00000000a2500000, 0x00000000a2520000, 0x00000000a2520000)
  to   space 128K,   0% used [0x00000000a2520000, 0x00000000a2520000, 0x00000000a2540000)
 tenured generation   total 129792K, used 27517K [0x00000000c1800000, 0x00000000c96c0000, 0x0000000100000000)
   the space 129792K,  21% used [0x00000000c1800000, 0x00000000c32df678, 0x00000000c32df800, 0x00000000c96c0000)
 Metaspace       used 13065K, capacity 13410K, committed 13696K, reserved 1060864K
  class space    used 1512K, capacity 1586K, committed 1664K, reserved 1048576K
Event: 2.609 GC heap after
Heap after GC invocations=187 (full 0):
 def new generation   total 1152K, used 105K [0x00000000a2400000, 0x00000000a2540000, 0x00000000c1800000)
  eden space 1024K,   0% used [0x00000000a2400000, 0x00000000a2400000, 0x00000000a2500000)
  from space 128K,  82% used [0x00000000a2520000, 0x00000000a253a548, 0x00000000a2540000)
  to   space 128K,   0% used [0x00000000a2500000, 0x00000000a2500000, 0x00000000a2520000)
 tenured generation   total 129792K, used 27604K [0x00000000c1800000, 0x00000000c96c0000, 0x0000000100000000)
   the space 129792K,  21% used [0x00000000c1800000, 0x00000000c32f5378, 0x00000000c32f5400, 0x00000000c96c0000)
 Metaspace       used 13065K, capacity 13410K, committed 13696K, reserved 1060864K
  class space    used 1512K, capacity 1586K, committed 1664K, reserved 1048576K
}
Event: 2.615 GC heap before
{Heap before GC invocations=187 (full 0):
 def new generation   total 1152K, used 1129K [0x00000000a2400000, 0x00000000a2540000, 0x00000000c1800000)
  eden space 1024K, 100% used [0x00000000a2400000, 0x00000000a2500000, 0x00000000a2500000)
  from space 128K,  82% used [0x00000000a2520000, 0x00000000a253a548, 0x00000000a2540000)
  to   space 128K,   0% used [0x00000000a2500000, 0x00000000a2500000, 0x00000000a2520000)
 tenured generation   total 129792K, used 27604K [0x00000000c1800000, 0x00000000c96c0000, 0x0000000100000000)
   the space 129792K,  21% used [0x00000000c1800000, 0x00000000c32f5378, 0x00000000c32f5400, 0x00000000c96c0000)
 Metaspace       used 13066K, capacity 13410K, committed 13696K, reserved 1060864K
  class space    used 1512K, capacity 1586K, committed 1664K, reserved 1048576K
Event: 2.616 GC heap after
Heap after GC invocations=188 (full 0):
 def new generation   total 1152K, used 81K [0x00000000a2400000, 0x00000000a2540000, 0x00000000c1800000)
  eden space 1024K,   0% used [0x00000000a2400000, 0x00000000a2400000, 0x00000000a2500000)
  from space 128K,  63% used [0x00000000a2500000, 0x00000000a2514408, 0x00000000a2520000)
  to   space 128K,   0% used [0x00000000a2520000, 0x00000000a2520000, 0x00000000a2540000)
 tenured generation   total 129792K, used 27655K [0x00000000c1800000, 0x00000000c96c0000, 0x0000000100000000)
   the space 129792K,  21% used [0x00000000c1800000, 0x00000000c3301ca8, 0x00000000c3301e00, 0x00000000c96c0000)
 Metaspace       used 13066K, capacity 13410K, committed 13696K, reserved 1060864K
  class space    used 1512K, capacity 1586K, committed 1664K, reserved 1048576K
}
Event: 2.623 GC heap before
{Heap before GC invocations=188 (full 0):
 def new generation   total 1152K, used 1105K [0x00000000a2400000, 0x00000000a2540000, 0x00000000c1800000)
  eden space 1024K, 100% used [0x00000000a2400000, 0x00000000a2500000, 0x00000000a2500000)
  from space 128K,  63% used [0x00000000a2500000, 0x00000000a2514408, 0x00000000a2520000)
  to   space 128K,   0% used [0x00000000a2520000, 0x00000000a2520000, 0x00000000a2540000)
 tenured generation   total 129792K, used 27655K [0x00000000c1800000, 0x00000000c96c0000, 0x0000000100000000)
   the space 129792K,  21% used [0x00000000c1800000, 0x00000000c3301ca8, 0x00000000c3301e00, 0x00000000c96c0000)
 Metaspace       used 13066K, capacity 13410K, committed 13696K, reserved 1060864K
  class space    used 1512K, capacity 1586K, committed 1664K, reserved 1048576K
Event: 2.624 GC heap after
Heap after GC invocations=189 (full 0):
 def new generation   total 1152K, used 128K [0x00000000a2400000, 0x00000000a2540000, 0x00000000c1800000)
  eden space 1024K,   0% used [0x00000000a2400000, 0x00000000a2400000, 0x00000000a2500000)
  from space 128K, 100% used [0x00000000a2520000, 0x00000000a2540000, 0x00000000a2540000)
  to   space 128K,   0% used [0x00000000a2500000, 0x00000000a2500000, 0x00000000a2520000)
 tenured generation   total 129792K, used 27710K [0x00000000c1800000, 0x00000000c96c0000, 0x0000000100000000)
   the space 129792K,  21% used [0x00000000c1800000, 0x00000000c330f938, 0x00000000c330fa00, 0x00000000c96c0000)
 Metaspace       used 13066K, capacity 13410K, committed 13696K, reserved 1060864K
  class space    used 1512K, capacity 1586K, committed 1664K, reserved 1048576K
}
Event: 2.628 GC heap before
{Heap before GC invocations=189 (full 0):
 def new generation   total 1152K, used 1152K [0x00000000a2400000, 0x00000000a2540000, 0x00000000c1800000)
  eden space 1024K, 100% used [0x00000000a2400000, 0x00000000a2500000, 0x00000000a2500000)
  from space 128K, 100% used [0x00000000a2520000, 0x00000000a2540000, 0x00000000a2540000)
  to   space 128K,   0% used [0x00000000a2500000, 0x00000000a2500000, 0x00000000a2520000)
 tenured generation   total 129792K, used 27710K [0x00000000c1800000, 0x00000000c96c0000, 0x0000000100000000)
   the space 129792K,  21% used [0x00000000c1800000, 0x00000000c330f938, 0x00000000c330fa00, 0x00000000c96c0000)
 Metaspace       used 13066K, capacity 13410K, committed 13696K, reserved 1060864K
  class space    used 1512K, capacity 1586K, committed 1664K, reserved 1048576K
Event: 2.629 GC heap after
Heap after GC invocations=190 (full 0):
 def new generation   total 1152K, used 60K [0x00000000a2400000, 0x00000000a2540000, 0x00000000c1800000)
  eden space 1024K,   0% used [0x00000000a2400000, 0x00000000a2400000, 0x00000000a2500000)
  from space 128K,  47% used [0x00000000a2500000, 0x00000000a250f328, 0x00000000a2520000)
  to   space 128K,   0% used [0x00000000a2520000, 0x00000000a2520000, 0x00000000a2540000)
 tenured generation   total 129792K, used 27819K [0x00000000c1800000, 0x00000000c96c0000, 0x0000000100000000)
   the space 129792K,  21% used [0x00000000c1800000, 0x00000000c332af00, 0x00000000c332b000, 0x00000000c96c0000)
 Metaspace       used 13066K, capacity 13410K, committed 13696K, reserved 1060864K
  class space    used 1512K, capacity 1586K, committed 1664K, reserved 1048576K
}

