# JRE version: Java(TM) SE Runtime Environment (8.0_05-b13) (build 1.8.0_05-b13)
# Java VM: Java HotSpot(TM) 64-Bit Server VM (25.5-b02 mixed mode windows-amd64 compressed oops)
Heap:
 def new generation   total 1152K, used 1135K [0x00000000a2400000, 0x00000000a2540000, 0x00000000c1800000)
  eden space 1024K, 100% used [0x00000000a2400000, 0x00000000a2500000, 0x00000000a2500000)
  from space 128K,  87% used [0x00000000a2500000, 0x00000000a251bfc0, 0x00000000a2520000)
  to   space 128K,   1% used [0x00000000a2520000, 0x00000000a2520ee0, 0x00000000a2540000)
 tenured generation   total 129792K, used 43789K [0x00000000c1800000, 0x00000000c96c0000, 0x0000000100000000)
   the space 129792K,  33% used [0x00000000c1800000, 0x00000000c42c3568, 0x00000000c42c3600, 0x00000000c96c0000)
 Metaspace       used 13360K, capacity 13672K, committed 13952K, reserved 1060864K
  class space    used 1524K, capacity 1587K, committed 1664K, reserved 1048576K
GC Heap History (10 events):
Event: 7.477 GC heap before
{Heap before GC invocations=457 (full 0):
 def new generation   total 1152K, used 1141K [0x00000000a2400000, 0x00000000a2540000, 0x00000000c1800000)
  eden space 1024K, 100% used [0x00000000a2400000, 0x00000000a2500000, 0x00000000a2500000)
  from space 128K,  91% used [0x00000000a2520000, 0x00000000a253d600, 0x00000000a2540000)
  to   space 128K,   0% used [0x00000000a2500000, 0x00000000a2500000, 0x00000000a2520000)
 tenured generation   total 129792K, used 43496K [0x00000000c1800000, 0x00000000c96c0000, 0x0000000100000000)
   the space 129792K,  33% used [0x00000000c1800000, 0x00000000c427a1e8, 0x00000000c427a200, 0x00000000c96c0000)
 Metaspace       used 13360K, capacity 13672K, committed 13952K, reserved 1060864K
  class space    used 1524K, capacity 1587K, committed 1664K, reserved 1048576K
Event: 7.478 GC heap after
Heap after GC invocations=458 (full 0):
 def new generation   total 1152K, used 127K [0x00000000a2400000, 0x00000000a2540000, 0x00000000c1800000)
  eden space 1024K,   0% used [0x00000000a2400000, 0x00000000a2400000, 0x00000000a2500000)
  from space 128K,  99% used [0x00000000a2500000, 0x00000000a251fff0, 0x00000000a2520000)
  to   space 128K,   0% used [0x00000000a2520000, 0x00000000a2520000, 0x00000000a2540000)
 tenured generation   total 129792K, used 43565K [0x00000000c1800000, 0x00000000c96c0000, 0x0000000100000000)
   the space 129792K,  33% used [0x00000000c1800000, 0x00000000c428b7d0, 0x00000000c428b800, 0x00000000c96c0000)
 Metaspace       used 13360K, capacity 13672K, committed 13952K, reserved 1060864K
  class space    used 1524K, capacity 1587K, committed 1664K, reserved 1048576K
}
Event: 7.482 GC heap before
{Heap before GC invocations=458 (full 0):
 def new generation   total 1152K, used 1151K [0x00000000a2400000, 0x00000000a2540000, 0x00000000c1800000)
  eden space 1024K, 100% used [0x00000000a2400000, 0x00000000a2500000, 0x00000000a2500000)
  from space 128K,  99% used [0x00000000a2500000, 0x00000000a251fff0, 0x00000000a2520000)
  to   space 128K,   0% used [0x00000000a2520000, 0x00000000a2520000, 0x00000000a2540000)
 tenured generation   total 129792K, used 43565K [0x00000000c1800000, 0x00000000c96c0000, 0x0000000100000000)
   the space 129792K,  33% used [0x00000000c1800000, 0x00000000c428b7d0, 0x00000000c428b800, 0x00000000c96c0000)
 Metaspace       used 13360K, capacity 13672K, committed 13952K, reserved 1060864K
  class space    used 1524K, capacity 1587K, committed 1664K, reserved 1048576K
Event: 7.484 GC heap after
Heap after GC invocations=459 (full 0):
 def new generation   total 1152K, used 62K [0x00000000a2400000, 0x00000000a2540000, 0x00000000c1800000)
  eden space 1024K,   0% used [0x00000000a2400000, 0x00000000a2400000, 0x00000000a2500000)
  from space 128K,  49% used [0x00000000a2520000, 0x00000000a252fb50, 0x00000000a2540000)
  to   space 128K,   0% used [0x00000000a2500000, 0x00000000a2500000, 0x00000000a2520000)
 tenured generation   total 129792K, used 43644K [0x00000000c1800000, 0x00000000c96c0000, 0x0000000100000000)
   the space 129792K,  33% used [0x00000000c1800000, 0x00000000c429f1a0, 0x00000000c429f200, 0x00000000c96c0000)
 Metaspace       used 13360K, capacity 13672K, committed 13952K, reserved 1060864K
  class space    used 1524K, capacity 1587K, committed 1664K, reserved 1048576K
}
Event: 7.498 GC heap before
{Heap before GC invocations=459 (full 0):
 def new generation   total 1152K, used 1086K [0x00000000a2400000, 0x00000000a2540000, 0x00000000c1800000)
  eden space 1024K, 100% used [0x00000000a2400000, 0x00000000a2500000, 0x00000000a2500000)
  from space 128K,  49% used [0x00000000a2520000, 0x00000000a252fb50, 0x00000000a2540000)
  to   space 128K,   0% used [0x00000000a2500000, 0x00000000a2500000, 0x00000000a2520000)
 tenured generation   total 129792K, used 43644K [0x00000000c1800000, 0x00000000c96c0000, 0x0000000100000000)
   the space 129792K,  33% used [0x00000000c1800000, 0x00000000c429f1a0, 0x00000000c429f200, 0x00000000c96c0000)
 Metaspace       used 13360K, capacity 13672K, committed 13952K, reserved 1060864K
  class space    used 1524K, capacity 1587K, committed 1664K, reserved 1048576K
Event: 7.499 GC heap after
Heap after GC invocations=460 (full 0):
 def new generation   total 1152K, used 127K [0x00000000a2400000, 0x00000000a2540000, 0x00000000c1800000)
  eden space 1024K,   0% used [0x00000000a2400000, 0x00000000a2400000, 0x00000000a2500000)
  from space 128K,  99% used [0x00000000a2500000, 0x00000000a251fff8, 0x00000000a2520000)
  to   space 128K,   0% used [0x00000000a2520000, 0x00000000a2520000, 0x00000000a2540000)
 tenured generation   total 129792K, used 43679K [0x00000000c1800000, 0x00000000c96c0000, 0x0000000100000000)
   the space 129792K,  33% used [0x00000000c1800000, 0x00000000c42a7db0, 0x00000000c42a7e00, 0x00000000c96c0000)
 Metaspace       used 13360K, capacity 13672K, committed 13952K, reserved 1060864K
  class space    used 1524K, capacity 1587K, committed 1664K, reserved 1048576K
}
Event: 7.504 GC heap before
{Heap before GC invocations=460 (full 0):
 def new generation   total 1152K, used 1151K [0x00000000a2400000, 0x00000000a2540000, 0x00000000c1800000)
  eden space 1024K, 100% used [0x00000000a2400000, 0x00000000a2500000, 0x00000000a2500000)
  from space 128K,  99% used [0x00000000a2500000, 0x00000000a251fff8, 0x00000000a2520000)
  to   space 128K,   0% used [0x00000000a2520000, 0x00000000a2520000, 0x00000000a2540000)
 tenured generation   total 129792K, used 43679K [0x00000000c1800000, 0x00000000c96c0000, 0x0000000100000000)
   the space 129792K,  33% used [0x00000000c1800000, 0x00000000c42a7db0, 0x00000000c42a7e00, 0x00000000c96c0000)
 Metaspace       used 13360K, capacity 13672K, committed 13952K, reserved 1060864K
  class space    used 1524K, capacity 1587K, committed 1664K, reserved 1048576K
Event: 7.506 GC heap after
Heap after GC invocations=461 (full 0):
 def new generation   total 1152K, used 74K [0x00000000a2400000, 0x00000000a2540000, 0x00000000c1800000)
  eden space 1024K,   0% used [0x00000000a2400000, 0x00000000a2400000, 0x00000000a2500000)
  from space 128K,  57% used [0x00000000a2520000, 0x00000000a2532850, 0x00000000a2540000)
  to   space 128K,   0% used [0x00000000a2500000, 0x00000000a2500000, 0x00000000a2520000)
 tenured generation   total 129792K, used 43775K [0x00000000c1800000, 0x00000000c96c0000, 0x0000000100000000)
   the space 129792K,  33% used [0x00000000c1800000, 0x00000000c42bfc50, 0x00000000c42bfe00, 0x00000000c96c0000)
 Metaspace       used 13360K, capacity 13672K, committed 13952K, reserved 1060864K
  class space    used 1524K, capacity 1587K, committed 1664K, reserved 1048576K
}
Event: 7.511 GC heap before
{Heap before GC invocations=461 (full 0):
 def new generation   total 1152K, used 1098K [0x00000000a2400000, 0x00000000a2540000, 0x00000000c1800000)
  eden space 1024K, 100% used [0x00000000a2400000, 0x00000000a2500000, 0x00000000a2500000)
  from space 128K,  57% used [0x00000000a2520000, 0x00000000a2532850, 0x00000000a2540000)
  to   space 128K,   0% used [0x00000000a2500000, 0x00000000a2500000, 0x00000000a2520000)
 tenured generation   total 129792K, used 43775K [0x00000000c1800000, 0x00000000c96c0000, 0x0000000100000000)
   the space 129792K,  33% used [0x00000000c1800000, 0x00000000c42bfc50, 0x00000000c42bfe00, 0x00000000c96c0000)
 Metaspace       used 13360K, capacity 13672K, committed 13952K, reserved 1060864K
  class space    used 1524K, capacity 1587K, committed 1664K, reserved 1048576K
Event: 7.512 GC heap after
Heap after GC invocations=462 (full 0):
 def new generation   total 1152K, used 111K [0x00000000a2400000, 0x00000000a2540000, 0x00000000c1800000)
  eden space 1024K,   0% used [0x00000000a2400000, 0x00000000a2400000, 0x00000000a2500000)
  from space 128K,  87% used [0x00000000a2500000, 0x00000000a251bfc0, 0x00000000a2520000)
  to   space 128K,   0% used [0x00000000a2520000, 0x00000000a2520000, 0x00000000a2540000)
 tenured generation   total 129792K, used 43789K [0x00000000c1800000, 0x00000000c96c0000, 0x0000000100000000)
   the space 129792K,  33% used [0x00000000c1800000, 0x00000000c42c3540, 0x00000000c42c3600, 0x00000000c96c0000)
 Metaspace       used 13360K, capacity 13672K, committed 13952K, reserved 1060864K
  class space    used 1524K, capacity 1587K, committed 1664K, reserved 1048576K
}

