# JRE version: Java(TM) SE Runtime Environment (8.0_05-b13) (build 1.8.0_05-b13)
# Java VM: Java HotSpot(TM) 64-Bit Server VM (25.5-b02 mixed mode windows-amd64 compressed oops)
Heap:
 def new generation   total 1152K, used 183K [0x00000000a2400000, 0x00000000a2540000, 0x00000000c1800000)
  eden space 1024K,   5% used [0x00000000a2400000, 0x00000000a240ec88, 0x00000000a2500000)
  from space 128K,  97% used [0x00000000a2520000, 0x00000000a253f300, 0x00000000a2540000)
  to   space 128K,   0% used [0x00000000a2500000, 0x00000000a2500000, 0x00000000a2520000)
 tenured generation   total 129792K, used 50899K [0x00000000c1800000, 0x00000000c96c0000, 0x0000000100000000)
   the space 129792K,  39% used [0x00000000c1800000, 0x00000000c49b4cb0, 0x00000000c49b4e00, 0x00000000c96c0000)
 Metaspace       used 13730K, capacity 14064K, committed 14208K, reserved 1062912K
  class space    used 1550K, capacity 1654K, committed 1664K, reserved 1048576K
GC Heap History (10 events):
Event: 5.741 GC heap before
{Heap before GC invocations=568 (full 0):
 def new generation   total 1152K, used 1151K [0x00000000a2400000, 0x00000000a2540000, 0x00000000c1800000)
  eden space 1024K, 100% used [0x00000000a2400000, 0x00000000a2500000, 0x00000000a2500000)
  from space 128K,  99% used [0x00000000a2500000, 0x00000000a251fff8, 0x00000000a2520000)
  to   space 128K,   0% used [0x00000000a2520000, 0x00000000a2520000, 0x00000000a2540000)
 tenured generation   total 129792K, used 50602K [0x00000000c1800000, 0x00000000c96c0000, 0x0000000100000000)
   the space 129792K,  38% used [0x00000000c1800000, 0x00000000c496aae0, 0x00000000c496ac00, 0x00000000c96c0000)
 Metaspace       used 13474K, capacity 13806K, committed 13952K, reserved 1060864K
  class space    used 1525K, capacity 1588K, committed 1664K, reserved 1048576K
Event: 5.742 GC heap after
Heap after GC invocations=569 (full 0):
 def new generation   total 1152K, used 116K [0x00000000a2400000, 0x00000000a2540000, 0x00000000c1800000)
  eden space 1024K,   0% used [0x00000000a2400000, 0x00000000a2400000, 0x00000000a2500000)
  from space 128K,  91% used [0x00000000a2520000, 0x00000000a253d2f8, 0x00000000a2540000)
  to   space 128K,   0% used [0x00000000a2500000, 0x00000000a2500000, 0x00000000a2520000)
 tenured generation   total 129792K, used 50687K [0x00000000c1800000, 0x00000000c96c0000, 0x0000000100000000)
   the space 129792K,  39% used [0x00000000c1800000, 0x00000000c497fe68, 0x00000000c4980000, 0x00000000c96c0000)
 Metaspace       used 13474K, capacity 13806K, committed 13952K, reserved 1060864K
  class space    used 1525K, capacity 1588K, committed 1664K, reserved 1048576K
}
Event: 5.746 GC heap before
{Heap before GC invocations=569 (full 0):
 def new generation   total 1152K, used 1140K [0x00000000a2400000, 0x00000000a2540000, 0x00000000c1800000)
  eden space 1024K, 100% used [0x00000000a2400000, 0x00000000a2500000, 0x00000000a2500000)
  from space 128K,  91% used [0x00000000a2520000, 0x00000000a253d2f8, 0x00000000a2540000)
  to   space 128K,   0% used [0x00000000a2500000, 0x00000000a2500000, 0x00000000a2520000)
 tenured generation   total 129792K, used 50687K [0x00000000c1800000, 0x00000000c96c0000, 0x0000000100000000)
   the space 129792K,  39% used [0x00000000c1800000, 0x00000000c497fe68, 0x00000000c4980000, 0x00000000c96c0000)
 Metaspace       used 13474K, capacity 13806K, committed 13952K, reserved 1060864K
  class space    used 1525K, capacity 1588K, committed 1664K, reserved 1048576K
Event: 5.747 GC heap after
Heap after GC invocations=570 (full 0):
 def new generation   total 1152K, used 74K [0x00000000a2400000, 0x00000000a2540000, 0x00000000c1800000)
  eden space 1024K,   0% used [0x00000000a2400000, 0x00000000a2400000, 0x00000000a2500000)
  from space 128K,  57% used [0x00000000a2500000, 0x00000000a2512878, 0x00000000a2520000)
  to   space 128K,   0% used [0x00000000a2520000, 0x00000000a2520000, 0x00000000a2540000)
 tenured generation   total 129792K, used 50753K [0x00000000c1800000, 0x00000000c96c0000, 0x0000000100000000)
   the space 129792K,  39% used [0x00000000c1800000, 0x00000000c4990450, 0x00000000c4990600, 0x00000000c96c0000)
 Metaspace       used 13474K, capacity 13806K, committed 13952K, reserved 1060864K
  class space    used 1525K, capacity 1588K, committed 1664K, reserved 1048576K
}
Event: 5.754 GC heap before
{Heap before GC invocations=570 (full 0):
 def new generation   total 1152K, used 1098K [0x00000000a2400000, 0x00000000a2540000, 0x00000000c1800000)
  eden space 1024K, 100% used [0x00000000a2400000, 0x00000000a2500000, 0x00000000a2500000)
  from space 128K,  57% used [0x00000000a2500000, 0x00000000a2512878, 0x00000000a2520000)
  to   space 128K,   0% used [0x00000000a2520000, 0x00000000a2520000, 0x00000000a2540000)
 tenured generation   total 129792K, used 50753K [0x00000000c1800000, 0x00000000c96c0000, 0x0000000100000000)
   the space 129792K,  39% used [0x00000000c1800000, 0x00000000c4990450, 0x00000000c4990600, 0x00000000c96c0000)
 Metaspace       used 13474K, capacity 13806K, committed 13952K, reserved 1060864K
  class space    used 1525K, capacity 1588K, committed 1664K, reserved 1048576K
Event: 5.755 GC heap after
Heap after GC invocations=571 (full 0):
 def new generation   total 1152K, used 127K [0x00000000a2400000, 0x00000000a2540000, 0x00000000c1800000)
  eden space 1024K,   0% used [0x00000000a2400000, 0x00000000a2400000, 0x00000000a2500000)
  from space 128K,  99% used [0x00000000a2520000, 0x00000000a253fff8, 0x00000000a2540000)
  to   space 128K,   0% used [0x00000000a2500000, 0x00000000a2500000, 0x00000000a2520000)
 tenured generation   total 129792K, used 50802K [0x00000000c1800000, 0x00000000c96c0000, 0x0000000100000000)
   the space 129792K,  39% used [0x00000000c1800000, 0x00000000c499cb98, 0x00000000c499cc00, 0x00000000c96c0000)
 Metaspace       used 13474K, capacity 13806K, committed 13952K, reserved 1060864K
  class space    used 1525K, capacity 1588K, committed 1664K, reserved 1048576K
}
Event: 5.759 GC heap before
{Heap before GC invocations=571 (full 0):
 def new generation   total 1152K, used 1151K [0x00000000a2400000, 0x00000000a2540000, 0x00000000c1800000)
  eden space 1024K,  99% used [0x00000000a2400000, 0x00000000a24fff48, 0x00000000a2500000)
  from space 128K,  99% used [0x00000000a2520000, 0x00000000a253fff8, 0x00000000a2540000)
  to   space 128K,   0% used [0x00000000a2500000, 0x00000000a2500000, 0x00000000a2520000)
 tenured generation   total 129792K, used 50802K [0x00000000c1800000, 0x00000000c96c0000, 0x0000000100000000)
   the space 129792K,  39% used [0x00000000c1800000, 0x00000000c499cb98, 0x00000000c499cc00, 0x00000000c96c0000)
 Metaspace       used 13474K, capacity 13806K, committed 13952K, reserved 1060864K
  class space    used 1525K, capacity 1588K, committed 1664K, reserved 1048576K
Event: 5.760 GC heap after
Heap after GC invocations=572 (full 0):
 def new generation   total 1152K, used 75K [0x00000000a2400000, 0x00000000a2540000, 0x00000000c1800000)
  eden space 1024K,   0% used [0x00000000a2400000, 0x00000000a2400000, 0x00000000a2500000)
  from space 128K,  58% used [0x00000000a2500000, 0x00000000a2512c98, 0x00000000a2520000)
  to   space 128K,   0% used [0x00000000a2520000, 0x00000000a2520000, 0x00000000a2540000)
 tenured generation   total 129792K, used 50885K [0x00000000c1800000, 0x00000000c96c0000, 0x0000000100000000)
   the space 129792K,  39% used [0x00000000c1800000, 0x00000000c49b1558, 0x00000000c49b1600, 0x00000000c96c0000)
 Metaspace       used 13474K, capacity 13806K, committed 13952K, reserved 1060864K
  class space    used 1525K, capacity 1588K, committed 1664K, reserved 1048576K
}
Event: 5.773 GC heap before
{Heap before GC invocations=572 (full 0):
 def new generation   total 1152K, used 1099K [0x00000000a2400000, 0x00000000a2540000, 0x00000000c1800000)
  eden space 1024K, 100% used [0x00000000a2400000, 0x00000000a2500000, 0x00000000a2500000)
  from space 128K,  58% used [0x00000000a2500000, 0x00000000a2512c98, 0x00000000a2520000)
  to   space 128K,   0% used [0x00000000a2520000, 0x00000000a2520000, 0x00000000a2540000)
 tenured generation   total 129792K, used 50885K [0x00000000c1800000, 0x00000000c96c0000, 0x0000000100000000)
   the space 129792K,  39% used [0x00000000c1800000, 0x00000000c49b1558, 0x00000000c49b1600, 0x00000000c96c0000)
 Metaspace       used 13722K, capacity 14032K, committed 14208K, reserved 1062912K
  class space    used 1548K, capacity 1622K, committed 1664K, reserved 1048576K
Event: 5.774 GC heap after
Heap after GC invocations=573 (full 0):
 def new generation   total 1152K, used 124K [0x00000000a2400000, 0x00000000a2540000, 0x00000000c1800000)
  eden space 1024K,   0% used [0x00000000a2400000, 0x00000000a2400000, 0x00000000a2500000)
  from space 128K,  97% used [0x00000000a2520000, 0x00000000a253f300, 0x00000000a2540000)
  to   space 128K,   0% used [0x00000000a2500000, 0x00000000a2500000, 0x00000000a2520000)
 tenured generation   total 129792K, used 50899K [0x00000000c1800000, 0x00000000c96c0000, 0x0000000100000000)
   the space 129792K,  39% used [0x00000000c1800000, 0x00000000c49b4cb0, 0x00000000c49b4e00, 0x00000000c96c0000)
 Metaspace       used 13722K, capacity 14032K, committed 14208K, reserved 1062912K
  class space    used 1548K, capacity 1622K, committed 1664K, reserved 1048576K
}

